Checking whether CXX compiler has environ in stdlib.h failed to compile with the following output:
Change Dir: /home/notlean/openwrt-uboost/build_dir/host/cmake-3.26.4/Source/kwsys/CMakeFiles/CMakeTmp

Run Build Command(s):/home/notlean/openwrt-uboost/staging_dir/host/bin/ninja -v cmTC_83791 && [1/2] /home/notlean/openwrt-uboost/staging_dir/host/bin/g++ -DTEST_KWSYS_CXX_HAS_ENVIRON_IN_STDLIB_H  -O2 -I/home/notlean/openwrt-uboost/staging_dir/host/include -o CMakeFiles/cmTC_83791.dir/kwsysPlatformTestsCXX.cxx.o -c /home/notlean/openwrt-uboost/build_dir/host/cmake-3.26.4/Source/kwsys/kwsysPlatformTestsCXX.cxx
FAILED: CMakeFiles/cmTC_83791.dir/kwsysPlatformTestsCXX.cxx.o 
/home/notlean/openwrt-uboost/staging_dir/host/bin/g++ -DTEST_KWSYS_CXX_HAS_ENVIRON_IN_STDLIB_H  -O2 -I/home/notlean/openwrt-uboost/staging_dir/host/include -o CMakeFiles/cmTC_83791.dir/kwsysPlatformTestsCXX.cxx.o -c /home/notlean/openwrt-uboost/build_dir/host/cmake-3.26.4/Source/kwsys/kwsysPlatformTestsCXX.cxx
/home/notlean/openwrt-uboost/build_dir/host/cmake-3.26.4/Source/kwsys/kwsysPlatformTestsCXX.cxx: In function 'int main()':
/home/notlean/openwrt-uboost/build_dir/host/cmake-3.26.4/Source/kwsys/kwsysPlatformTestsCXX.cxx:53:13: error: 'environ' was not declared in this scope; did you mean 'union'?
   53 |   char* e = environ[0];
      |             ^~~~~~~
      |             union
ninja: build stopped: subcommand failed.



Checking whether CXX compiler struct stat has st_mtimespec member failed to compile with the following output:
Change Dir: /home/notlean/openwrt-uboost/build_dir/host/cmake-3.26.4/Source/kwsys/CMakeFiles/CMakeTmp

Run Build Command(s):/home/notlean/openwrt-uboost/staging_dir/host/bin/ninja -v cmTC_c97cc && [1/2] /home/notlean/openwrt-uboost/staging_dir/host/bin/g++ -DTEST_KWSYS_CXX_STAT_HAS_ST_MTIMESPEC  -O2 -I/home/notlean/openwrt-uboost/staging_dir/host/include -o CMakeFiles/cmTC_c97cc.dir/kwsysPlatformTestsCXX.cxx.o -c /home/notlean/openwrt-uboost/build_dir/host/cmake-3.26.4/Source/kwsys/kwsysPlatformTestsCXX.cxx
FAILED: CMakeFiles/cmTC_c97cc.dir/kwsysPlatformTestsCXX.cxx.o 
/home/notlean/openwrt-uboost/staging_dir/host/bin/g++ -DTEST_KWSYS_CXX_STAT_HAS_ST_MTIMESPEC  -O2 -I/home/notlean/openwrt-uboost/staging_dir/host/include -o CMakeFiles/cmTC_c97cc.dir/kwsysPlatformTestsCXX.cxx.o -c /home/notlean/openwrt-uboost/build_dir/host/cmake-3.26.4/Source/kwsys/kwsysPlatformTestsCXX.cxx
/home/notlean/openwrt-uboost/build_dir/host/cmake-3.26.4/Source/kwsys/kwsysPlatformTestsCXX.cxx: In function 'int main()':
/home/notlean/openwrt-uboost/build_dir/host/cmake-3.26.4/Source/kwsys/kwsysPlatformTestsCXX.cxx:26:15: error: 'struct stat' has no member named 'st_mtimespec'
   26 |   (void)stat1.st_mtimespec.tv_sec;
      |               ^~~~~~~~~~~~
/home/notlean/openwrt-uboost/build_dir/host/cmake-3.26.4/Source/kwsys/kwsysPlatformTestsCXX.cxx:27:15: error: 'struct stat' has no member named 'st_mtimespec'
   27 |   (void)stat1.st_mtimespec.tv_nsec;
      |               ^~~~~~~~~~~~
ninja: build stopped: subcommand failed.



Performing Curl Test HAVE_FSETXATTR_6 failed with the following output:
Change Dir: /home/notlean/openwrt-uboost/build_dir/host/cmake-3.26.4/CMakeFiles/CMakeTmp

Run Build Command(s):/home/notlean/openwrt-uboost/staging_dir/host/bin/ninja -v cmTC_0ffef && [1/2] /home/notlean/openwrt-uboost/staging_dir/host/bin/gcc   -O2 -I/home/notlean/openwrt-uboost/staging_dir/host/include -w -DHAVE_FSETXATTR_6  -DHAVE_INTTYPES_H -DHAVE_SYS_IOCTL_H -DHAVE_SYS_PARAM_H -DHAVE_SYS_POLL_H -DHAVE_SYS_RESOURCE_H -DHAVE_SYS_SELECT_H -DHAVE_SYS_SOCKET_H -DHAVE_SYS_STAT_H -DHAVE_SYS_TIME_H -DHAVE_SYS_TYPES_H -DHAVE_SYS_UN_H -DHAVE_SYS_XATTR_H -DHAVE_ARPA_INET_H -DHAVE_ARPA_TFTP_H -DHAVE_FCNTL_H -DHAVE_IFADDRS_H -DHAVE_LIBGEN_H -DHAVE_LOCALE_H -DHAVE_NET_IF_H -DHAVE_NETDB_H -DHAVE_NETINET_IN_H -DHAVE_NETINET_TCP_H -DHAVE_POLL_H -DHAVE_PWD_H -DHAVE_SETJMP_H -DHAVE_SIGNAL_H -DHAVE_STDBOOL_H -DHAVE_STDINT_H -DHAVE_STDLIB_H -DHAVE_STRING_H -DHAVE_STRINGS_H -DHAVE_TERMIO_H -DHAVE_TERMIOS_H -DHAVE_TIME_H -DHAVE_UNISTD_H -DHAVE_UTIME_H -DHAVE_STDDEF_H -DHAVE_STDINT_H -DHAVE_SYS_UTSNAME_H -std=gnu11 -o CMakeFiles/cmTC_0ffef.dir/CurlTests.c.o -c /home/notlean/openwrt-uboost/build_dir/host/cmake-3.26.4/Utilities/cmcurl/CMake/CurlTests.c
FAILED: CMakeFiles/cmTC_0ffef.dir/CurlTests.c.o 
/home/notlean/openwrt-uboost/staging_dir/host/bin/gcc   -O2 -I/home/notlean/openwrt-uboost/staging_dir/host/include -w -DHAVE_FSETXATTR_6  -DHAVE_INTTYPES_H -DHAVE_SYS_IOCTL_H -DHAVE_SYS_PARAM_H -DHAVE_SYS_POLL_H -DHAVE_SYS_RESOURCE_H -DHAVE_SYS_SELECT_H -DHAVE_SYS_SOCKET_H -DHAVE_SYS_STAT_H -DHAVE_SYS_TIME_H -DHAVE_SYS_TYPES_H -DHAVE_SYS_UN_H -DHAVE_SYS_XATTR_H -DHAVE_ARPA_INET_H -DHAVE_ARPA_TFTP_H -DHAVE_FCNTL_H -DHAVE_IFADDRS_H -DHAVE_LIBGEN_H -DHAVE_LOCALE_H -DHAVE_NET_IF_H -DHAVE_NETDB_H -DHAVE_NETINET_IN_H -DHAVE_NETINET_TCP_H -DHAVE_POLL_H -DHAVE_PWD_H -DHAVE_SETJMP_H -DHAVE_SIGNAL_H -DHAVE_STDBOOL_H -DHAVE_STDINT_H -DHAVE_STDLIB_H -DHAVE_STRING_H -DHAVE_STRINGS_H -DHAVE_TERMIO_H -DHAVE_TERMIOS_H -DHAVE_TIME_H -DHAVE_UNISTD_H -DHAVE_UTIME_H -DHAVE_STDDEF_H -DHAVE_STDINT_H -DHAVE_SYS_UTSNAME_H -std=gnu11 -o CMakeFiles/cmTC_0ffef.dir/CurlTests.c.o -c /home/notlean/openwrt-uboost/build_dir/host/cmake-3.26.4/Utilities/cmcurl/CMake/CurlTests.c
/home/notlean/openwrt-uboost/build_dir/host/cmake-3.26.4/Utilities/cmcurl/CMake/CurlTests.c: In function 'main':
/home/notlean/openwrt-uboost/build_dir/host/cmake-3.26.4/Utilities/cmcurl/CMake/CurlTests.c:423:3: error: too many arguments to function 'fsetxattr'
  423 |   fsetxattr(0, 0, 0, 0, 0, 0);
      |   ^~~~~~~~~
In file included from /home/notlean/openwrt-uboost/build_dir/host/cmake-3.26.4/Utilities/cmcurl/CMake/CurlTests.c:420:
/usr/include/x86_64-linux-gnu/sys/xattr.h:54:12: note: declared here
   54 | extern int fsetxattr (int __fd, const char *__name, const void *__value,
      |            ^~~~~~~~~
ninja: build stopped: subcommand failed.


Performing Curl Test HAVE_IOCTLSOCKET failed with the following output:
Change Dir: /home/notlean/openwrt-uboost/build_dir/host/cmake-3.26.4/CMakeFiles/CMakeTmp

Run Build Command(s):/home/notlean/openwrt-uboost/staging_dir/host/bin/ninja -v cmTC_8a4be && [1/2] /home/notlean/openwrt-uboost/staging_dir/host/bin/gcc   -O2 -I/home/notlean/openwrt-uboost/staging_dir/host/include -w -DHAVE_IOCTLSOCKET  -DHAVE_INTTYPES_H -DHAVE_SYS_IOCTL_H -DHAVE_SYS_PARAM_H -DHAVE_SYS_POLL_H -DHAVE_SYS_RESOURCE_H -DHAVE_SYS_SELECT_H -DHAVE_SYS_SOCKET_H -DHAVE_SYS_STAT_H -DHAVE_SYS_TIME_H -DHAVE_SYS_TYPES_H -DHAVE_SYS_UN_H -DHAVE_SYS_XATTR_H -DHAVE_ARPA_INET_H -DHAVE_ARPA_TFTP_H -DHAVE_FCNTL_H -DHAVE_IFADDRS_H -DHAVE_LIBGEN_H -DHAVE_LOCALE_H -DHAVE_NET_IF_H -DHAVE_NETDB_H -DHAVE_NETINET_IN_H -DHAVE_NETINET_TCP_H -DHAVE_POLL_H -DHAVE_PWD_H -DHAVE_SETJMP_H -DHAVE_SIGNAL_H -DHAVE_STDBOOL_H -DHAVE_STDINT_H -DHAVE_STDLIB_H -DHAVE_STRING_H -DHAVE_STRINGS_H -DHAVE_TERMIO_H -DHAVE_TERMIOS_H -DHAVE_TIME_H -DHAVE_UNISTD_H -DHAVE_UTIME_H -DHAVE_STDDEF_H -DHAVE_STDINT_H -DHAVE_SYS_UTSNAME_H -std=gnu11 -o CMakeFiles/cmTC_8a4be.dir/CurlTests.c.o -c /home/notlean/openwrt-uboost/build_dir/host/cmake-3.26.4/Utilities/cmcurl/CMake/CurlTests.c
FAILED: CMakeFiles/cmTC_8a4be.dir/CurlTests.c.o 
/home/notlean/openwrt-uboost/staging_dir/host/bin/gcc   -O2 -I/home/notlean/openwrt-uboost/staging_dir/host/include -w -DHAVE_IOCTLSOCKET  -DHAVE_INTTYPES_H -DHAVE_SYS_IOCTL_H -DHAVE_SYS_PARAM_H -DHAVE_SYS_POLL_H -DHAVE_SYS_RESOURCE_H -DHAVE_SYS_SELECT_H -DHAVE_SYS_SOCKET_H -DHAVE_SYS_STAT_H -DHAVE_SYS_TIME_H -DHAVE_SYS_TYPES_H -DHAVE_SYS_UN_H -DHAVE_SYS_XATTR_H -DHAVE_ARPA_INET_H -DHAVE_ARPA_TFTP_H -DHAVE_FCNTL_H -DHAVE_IFADDRS_H -DHAVE_LIBGEN_H -DHAVE_LOCALE_H -DHAVE_NET_IF_H -DHAVE_NETDB_H -DHAVE_NETINET_IN_H -DHAVE_NETINET_TCP_H -DHAVE_POLL_H -DHAVE_PWD_H -DHAVE_SETJMP_H -DHAVE_SIGNAL_H -DHAVE_STDBOOL_H -DHAVE_STDINT_H -DHAVE_STDLIB_H -DHAVE_STRING_H -DHAVE_STRINGS_H -DHAVE_TERMIO_H -DHAVE_TERMIOS_H -DHAVE_TIME_H -DHAVE_UNISTD_H -DHAVE_UTIME_H -DHAVE_STDDEF_H -DHAVE_STDINT_H -DHAVE_SYS_UTSNAME_H -std=gnu11 -o CMakeFiles/cmTC_8a4be.dir/CurlTests.c.o -c /home/notlean/openwrt-uboost/build_dir/host/cmake-3.26.4/Utilities/cmcurl/CMake/CurlTests.c
/home/notlean/openwrt-uboost/build_dir/host/cmake-3.26.4/Utilities/cmcurl/CMake/CurlTests.c: In function 'main':
/home/notlean/openwrt-uboost/build_dir/host/cmake-3.26.4/Utilities/cmcurl/CMake/CurlTests.c:221:44: error: 'FIONBIO' undeclared (first use in this function)
  221 |  unsigned long flags = ioctlsocket(socket, FIONBIO, &flags);
      |                                            ^~~~~~~
/home/notlean/openwrt-uboost/build_dir/host/cmake-3.26.4/Utilities/cmcurl/CMake/CurlTests.c:221:44: note: each undeclared identifier is reported only once for each function it appears in
ninja: build stopped: subcommand failed.


Performing Curl Test HAVE_IOCTLSOCKET_CAMEL failed with the following output:
Change Dir: /home/notlean/openwrt-uboost/build_dir/host/cmake-3.26.4/CMakeFiles/CMakeTmp

Run Build Command(s):/home/notlean/openwrt-uboost/staging_dir/host/bin/ninja -v cmTC_9134f && [1/2] /home/notlean/openwrt-uboost/staging_dir/host/bin/gcc   -O2 -I/home/notlean/openwrt-uboost/staging_dir/host/include -w -DHAVE_IOCTLSOCKET_CAMEL  -DHAVE_INTTYPES_H -DHAVE_SYS_IOCTL_H -DHAVE_SYS_PARAM_H -DHAVE_SYS_POLL_H -DHAVE_SYS_RESOURCE_H -DHAVE_SYS_SELECT_H -DHAVE_SYS_SOCKET_H -DHAVE_SYS_STAT_H -DHAVE_SYS_TIME_H -DHAVE_SYS_TYPES_H -DHAVE_SYS_UN_H -DHAVE_SYS_XATTR_H -DHAVE_ARPA_INET_H -DHAVE_ARPA_TFTP_H -DHAVE_FCNTL_H -DHAVE_IFADDRS_H -DHAVE_LIBGEN_H -DHAVE_LOCALE_H -DHAVE_NET_IF_H -DHAVE_NETDB_H -DHAVE_NETINET_IN_H -DHAVE_NETINET_TCP_H -DHAVE_POLL_H -DHAVE_PWD_H -DHAVE_SETJMP_H -DHAVE_SIGNAL_H -DHAVE_STDBOOL_H -DHAVE_STDINT_H -DHAVE_STDLIB_H -DHAVE_STRING_H -DHAVE_STRINGS_H -DHAVE_TERMIO_H -DHAVE_TERMIOS_H -DHAVE_TIME_H -DHAVE_UNISTD_H -DHAVE_UTIME_H -DHAVE_STDDEF_H -DHAVE_STDINT_H -DHAVE_SYS_UTSNAME_H -std=gnu11 -o CMakeFiles/cmTC_9134f.dir/CurlTests.c.o -c /home/notlean/openwrt-uboost/build_dir/host/cmake-3.26.4/Utilities/cmcurl/CMake/CurlTests.c
[2/2] : && /home/notlean/openwrt-uboost/staging_dir/host/bin/gcc -O2 -I/home/notlean/openwrt-uboost/staging_dir/host/include -w -DHAVE_IOCTLSOCKET_CAMEL  -DHAVE_INTTYPES_H -DHAVE_SYS_IOCTL_H -DHAVE_SYS_PARAM_H -DHAVE_SYS_POLL_H -DHAVE_SYS_RESOURCE_H -DHAVE_SYS_SELECT_H -DHAVE_SYS_SOCKET_H -DHAVE_SYS_STAT_H -DHAVE_SYS_TIME_H -DHAVE_SYS_TYPES_H -DHAVE_SYS_UN_H -DHAVE_SYS_XATTR_H -DHAVE_ARPA_INET_H -DHAVE_ARPA_TFTP_H -DHAVE_FCNTL_H -DHAVE_IFADDRS_H -DHAVE_LIBGEN_H -DHAVE_LOCALE_H -DHAVE_NET_IF_H -DHAVE_NETDB_H -DHAVE_NETINET_IN_H -DHAVE_NETINET_TCP_H -DHAVE_POLL_H -DHAVE_PWD_H -DHAVE_SETJMP_H -DHAVE_SIGNAL_H -DHAVE_STDBOOL_H -DHAVE_STDINT_H -DHAVE_STDLIB_H -DHAVE_STRING_H -DHAVE_STRINGS_H -DHAVE_TERMIO_H -DHAVE_TERMIOS_H -DHAVE_TIME_H -DHAVE_UNISTD_H -DHAVE_UTIME_H -DHAVE_STDDEF_H -DHAVE_STDINT_H -DHAVE_SYS_UTSNAME_H -L/home/notlean/openwrt-uboost/staging_dir/host/lib CMakeFiles/cmTC_9134f.dir/CurlTests.c.o -o cmTC_9134f   && :
FAILED: cmTC_9134f 
: && /home/notlean/openwrt-uboost/staging_dir/host/bin/gcc -O2 -I/home/notlean/openwrt-uboost/staging_dir/host/include -w -DHAVE_IOCTLSOCKET_CAMEL  -DHAVE_INTTYPES_H -DHAVE_SYS_IOCTL_H -DHAVE_SYS_PARAM_H -DHAVE_SYS_POLL_H -DHAVE_SYS_RESOURCE_H -DHAVE_SYS_SELECT_H -DHAVE_SYS_SOCKET_H -DHAVE_SYS_STAT_H -DHAVE_SYS_TIME_H -DHAVE_SYS_TYPES_H -DHAVE_SYS_UN_H -DHAVE_SYS_XATTR_H -DHAVE_ARPA_INET_H -DHAVE_ARPA_TFTP_H -DHAVE_FCNTL_H -DHAVE_IFADDRS_H -DHAVE_LIBGEN_H -DHAVE_LOCALE_H -DHAVE_NET_IF_H -DHAVE_NETDB_H -DHAVE_NETINET_IN_H -DHAVE_NETINET_TCP_H -DHAVE_POLL_H -DHAVE_PWD_H -DHAVE_SETJMP_H -DHAVE_SIGNAL_H -DHAVE_STDBOOL_H -DHAVE_STDINT_H -DHAVE_STDLIB_H -DHAVE_STRING_H -DHAVE_STRINGS_H -DHAVE_TERMIO_H -DHAVE_TERMIOS_H -DHAVE_TIME_H -DHAVE_UNISTD_H -DHAVE_UTIME_H -DHAVE_STDDEF_H -DHAVE_STDINT_H -DHAVE_SYS_UTSNAME_H -L/home/notlean/openwrt-uboost/staging_dir/host/lib CMakeFiles/cmTC_9134f.dir/CurlTests.c.o -o cmTC_9134f   && :
/usr/bin/ld: CMakeFiles/cmTC_9134f.dir/CurlTests.c.o: in function `main':
CurlTests.c:(.text.startup+0x11): undefined reference to `IoctlSocket'
collect2: error: ld returned 1 exit status
ninja: build stopped: subcommand failed.


Performing Curl Test HAVE_IOCTLSOCKET_CAMEL_FIONBIO failed with the following output:
Change Dir: /home/notlean/openwrt-uboost/build_dir/host/cmake-3.26.4/CMakeFiles/CMakeTmp

Run Build Command(s):/home/notlean/openwrt-uboost/staging_dir/host/bin/ninja -v cmTC_601d6 && [1/2] /home/notlean/openwrt-uboost/staging_dir/host/bin/gcc   -O2 -I/home/notlean/openwrt-uboost/staging_dir/host/include -w -DHAVE_IOCTLSOCKET_CAMEL_FIONBIO  -DHAVE_INTTYPES_H -DHAVE_SYS_IOCTL_H -DHAVE_SYS_PARAM_H -DHAVE_SYS_POLL_H -DHAVE_SYS_RESOURCE_H -DHAVE_SYS_SELECT_H -DHAVE_SYS_SOCKET_H -DHAVE_SYS_STAT_H -DHAVE_SYS_TIME_H -DHAVE_SYS_TYPES_H -DHAVE_SYS_UN_H -DHAVE_SYS_XATTR_H -DHAVE_ARPA_INET_H -DHAVE_ARPA_TFTP_H -DHAVE_FCNTL_H -DHAVE_IFADDRS_H -DHAVE_LIBGEN_H -DHAVE_LOCALE_H -DHAVE_NET_IF_H -DHAVE_NETDB_H -DHAVE_NETINET_IN_H -DHAVE_NETINET_TCP_H -DHAVE_POLL_H -DHAVE_PWD_H -DHAVE_SETJMP_H -DHAVE_SIGNAL_H -DHAVE_STDBOOL_H -DHAVE_STDINT_H -DHAVE_STDLIB_H -DHAVE_STRING_H -DHAVE_STRINGS_H -DHAVE_TERMIO_H -DHAVE_TERMIOS_H -DHAVE_TIME_H -DHAVE_UNISTD_H -DHAVE_UTIME_H -DHAVE_STDDEF_H -DHAVE_STDINT_H -DHAVE_SYS_UTSNAME_H -std=gnu11 -o CMakeFiles/cmTC_601d6.dir/CurlTests.c.o -c /home/notlean/openwrt-uboost/build_dir/host/cmake-3.26.4/Utilities/cmcurl/CMake/CurlTests.c
FAILED: CMakeFiles/cmTC_601d6.dir/CurlTests.c.o 
/home/notlean/openwrt-uboost/staging_dir/host/bin/gcc   -O2 -I/home/notlean/openwrt-uboost/staging_dir/host/include -w -DHAVE_IOCTLSOCKET_CAMEL_FIONBIO  -DHAVE_INTTYPES_H -DHAVE_SYS_IOCTL_H -DHAVE_SYS_PARAM_H -DHAVE_SYS_POLL_H -DHAVE_SYS_RESOURCE_H -DHAVE_SYS_SELECT_H -DHAVE_SYS_SOCKET_H -DHAVE_SYS_STAT_H -DHAVE_SYS_TIME_H -DHAVE_SYS_TYPES_H -DHAVE_SYS_UN_H -DHAVE_SYS_XATTR_H -DHAVE_ARPA_INET_H -DHAVE_ARPA_TFTP_H -DHAVE_FCNTL_H -DHAVE_IFADDRS_H -DHAVE_LIBGEN_H -DHAVE_LOCALE_H -DHAVE_NET_IF_H -DHAVE_NETDB_H -DHAVE_NETINET_IN_H -DHAVE_NETINET_TCP_H -DHAVE_POLL_H -DHAVE_PWD_H -DHAVE_SETJMP_H -DHAVE_SIGNAL_H -DHAVE_STDBOOL_H -DHAVE_STDINT_H -DHAVE_STDLIB_H -DHAVE_STRING_H -DHAVE_STRINGS_H -DHAVE_TERMIO_H -DHAVE_TERMIOS_H -DHAVE_TIME_H -DHAVE_UNISTD_H -DHAVE_UTIME_H -DHAVE_STDDEF_H -DHAVE_STDINT_H -DHAVE_SYS_UTSNAME_H -std=gnu11 -o CMakeFiles/cmTC_601d6.dir/CurlTests.c.o -c /home/notlean/openwrt-uboost/build_dir/host/cmake-3.26.4/Utilities/cmcurl/CMake/CurlTests.c
/home/notlean/openwrt-uboost/build_dir/host/cmake-3.26.4/Utilities/cmcurl/CMake/CurlTests.c: In function 'main':
/home/notlean/openwrt-uboost/build_dir/host/cmake-3.26.4/Utilities/cmcurl/CMake/CurlTests.c:269:32: error: 'FIONBIO' undeclared (first use in this function)
  269 |         if(0 != IoctlSocket(0, FIONBIO, &flags))
      |                                ^~~~~~~
/home/notlean/openwrt-uboost/build_dir/host/cmake-3.26.4/Utilities/cmcurl/CMake/CurlTests.c:269:32: note: each undeclared identifier is reported only once for each function it appears in
ninja: build stopped: subcommand failed.


Performing Curl Test HAVE_IOCTLSOCKET_FIONBIO failed with the following output:
Change Dir: /home/notlean/openwrt-uboost/build_dir/host/cmake-3.26.4/CMakeFiles/CMakeTmp

Run Build Command(s):/home/notlean/openwrt-uboost/staging_dir/host/bin/ninja -v cmTC_3f9c2 && [1/2] /home/notlean/openwrt-uboost/staging_dir/host/bin/gcc   -O2 -I/home/notlean/openwrt-uboost/staging_dir/host/include -w -DHAVE_IOCTLSOCKET_FIONBIO  -DHAVE_INTTYPES_H -DHAVE_SYS_IOCTL_H -DHAVE_SYS_PARAM_H -DHAVE_SYS_POLL_H -DHAVE_SYS_RESOURCE_H -DHAVE_SYS_SELECT_H -DHAVE_SYS_SOCKET_H -DHAVE_SYS_STAT_H -DHAVE_SYS_TIME_H -DHAVE_SYS_TYPES_H -DHAVE_SYS_UN_H -DHAVE_SYS_XATTR_H -DHAVE_ARPA_INET_H -DHAVE_ARPA_TFTP_H -DHAVE_FCNTL_H -DHAVE_IFADDRS_H -DHAVE_LIBGEN_H -DHAVE_LOCALE_H -DHAVE_NET_IF_H -DHAVE_NETDB_H -DHAVE_NETINET_IN_H -DHAVE_NETINET_TCP_H -DHAVE_POLL_H -DHAVE_PWD_H -DHAVE_SETJMP_H -DHAVE_SIGNAL_H -DHAVE_STDBOOL_H -DHAVE_STDINT_H -DHAVE_STDLIB_H -DHAVE_STRING_H -DHAVE_STRINGS_H -DHAVE_TERMIO_H -DHAVE_TERMIOS_H -DHAVE_TIME_H -DHAVE_UNISTD_H -DHAVE_UTIME_H -DHAVE_STDDEF_H -DHAVE_STDINT_H -DHAVE_SYS_UTSNAME_H -std=gnu11 -o CMakeFiles/cmTC_3f9c2.dir/CurlTests.c.o -c /home/notlean/openwrt-uboost/build_dir/host/cmake-3.26.4/Utilities/cmcurl/CMake/CurlTests.c
FAILED: CMakeFiles/cmTC_3f9c2.dir/CurlTests.c.o 
/home/notlean/openwrt-uboost/staging_dir/host/bin/gcc   -O2 -I/home/notlean/openwrt-uboost/staging_dir/host/include -w -DHAVE_IOCTLSOCKET_FIONBIO  -DHAVE_INTTYPES_H -DHAVE_SYS_IOCTL_H -DHAVE_SYS_PARAM_H -DHAVE_SYS_POLL_H -DHAVE_SYS_RESOURCE_H -DHAVE_SYS_SELECT_H -DHAVE_SYS_SOCKET_H -DHAVE_SYS_STAT_H -DHAVE_SYS_TIME_H -DHAVE_SYS_TYPES_H -DHAVE_SYS_UN_H -DHAVE_SYS_XATTR_H -DHAVE_ARPA_INET_H -DHAVE_ARPA_TFTP_H -DHAVE_FCNTL_H -DHAVE_IFADDRS_H -DHAVE_LIBGEN_H -DHAVE_LOCALE_H -DHAVE_NET_IF_H -DHAVE_NETDB_H -DHAVE_NETINET_IN_H -DHAVE_NETINET_TCP_H -DHAVE_POLL_H -DHAVE_PWD_H -DHAVE_SETJMP_H -DHAVE_SIGNAL_H -DHAVE_STDBOOL_H -DHAVE_STDINT_H -DHAVE_STDLIB_H -DHAVE_STRING_H -DHAVE_STRINGS_H -DHAVE_TERMIO_H -DHAVE_TERMIOS_H -DHAVE_TIME_H -DHAVE_UNISTD_H -DHAVE_UTIME_H -DHAVE_STDDEF_H -DHAVE_STDINT_H -DHAVE_SYS_UTSNAME_H -std=gnu11 -o CMakeFiles/cmTC_3f9c2.dir/CurlTests.c.o -c /home/notlean/openwrt-uboost/build_dir/host/cmake-3.26.4/Utilities/cmcurl/CMake/CurlTests.c
/home/notlean/openwrt-uboost/build_dir/host/cmake-3.26.4/Utilities/cmcurl/CMake/CurlTests.c: In function 'main':
/home/notlean/openwrt-uboost/build_dir/host/cmake-3.26.4/Utilities/cmcurl/CMake/CurlTests.c:292:32: error: 'FIONBIO' undeclared (first use in this function)
  292 |         if(0 != ioctlsocket(0, FIONBIO, &flags))
      |                                ^~~~~~~
/home/notlean/openwrt-uboost/build_dir/host/cmake-3.26.4/Utilities/cmcurl/CMake/CurlTests.c:292:32: note: each undeclared identifier is reported only once for each function it appears in
ninja: build stopped: subcommand failed.


Performing Curl Test HAVE_SETSOCKOPT_SO_NONBLOCK failed with the following output:
Change Dir: /home/notlean/openwrt-uboost/build_dir/host/cmake-3.26.4/CMakeFiles/CMakeTmp

Run Build Command(s):/home/notlean/openwrt-uboost/staging_dir/host/bin/ninja -v cmTC_cfcf6 && [1/2] /home/notlean/openwrt-uboost/staging_dir/host/bin/gcc   -O2 -I/home/notlean/openwrt-uboost/staging_dir/host/include -w -DHAVE_SETSOCKOPT_SO_NONBLOCK  -DHAVE_INTTYPES_H -DHAVE_SYS_IOCTL_H -DHAVE_SYS_PARAM_H -DHAVE_SYS_POLL_H -DHAVE_SYS_RESOURCE_H -DHAVE_SYS_SELECT_H -DHAVE_SYS_SOCKET_H -DHAVE_SYS_STAT_H -DHAVE_SYS_TIME_H -DHAVE_SYS_TYPES_H -DHAVE_SYS_UN_H -DHAVE_SYS_XATTR_H -DHAVE_ARPA_INET_H -DHAVE_ARPA_TFTP_H -DHAVE_FCNTL_H -DHAVE_IFADDRS_H -DHAVE_LIBGEN_H -DHAVE_LOCALE_H -DHAVE_NET_IF_H -DHAVE_NETDB_H -DHAVE_NETINET_IN_H -DHAVE_NETINET_TCP_H -DHAVE_POLL_H -DHAVE_PWD_H -DHAVE_SETJMP_H -DHAVE_SIGNAL_H -DHAVE_STDBOOL_H -DHAVE_STDINT_H -DHAVE_STDLIB_H -DHAVE_STRING_H -DHAVE_STRINGS_H -DHAVE_TERMIO_H -DHAVE_TERMIOS_H -DHAVE_TIME_H -DHAVE_UNISTD_H -DHAVE_UTIME_H -DHAVE_STDDEF_H -DHAVE_STDINT_H -DHAVE_SYS_UTSNAME_H -std=gnu11 -o CMakeFiles/cmTC_cfcf6.dir/CurlTests.c.o -c /home/notlean/openwrt-uboost/build_dir/host/cmake-3.26.4/Utilities/cmcurl/CMake/CurlTests.c
FAILED: CMakeFiles/cmTC_cfcf6.dir/CurlTests.c.o 
/home/notlean/openwrt-uboost/staging_dir/host/bin/gcc   -O2 -I/home/notlean/openwrt-uboost/staging_dir/host/include -w -DHAVE_SETSOCKOPT_SO_NONBLOCK  -DHAVE_INTTYPES_H -DHAVE_SYS_IOCTL_H -DHAVE_SYS_PARAM_H -DHAVE_SYS_POLL_H -DHAVE_SYS_RESOURCE_H -DHAVE_SYS_SELECT_H -DHAVE_SYS_SOCKET_H -DHAVE_SYS_STAT_H -DHAVE_SYS_TIME_H -DHAVE_SYS_TYPES_H -DHAVE_SYS_UN_H -DHAVE_SYS_XATTR_H -DHAVE_ARPA_INET_H -DHAVE_ARPA_TFTP_H -DHAVE_FCNTL_H -DHAVE_IFADDRS_H -DHAVE_LIBGEN_H -DHAVE_LOCALE_H -DHAVE_NET_IF_H -DHAVE_NETDB_H -DHAVE_NETINET_IN_H -DHAVE_NETINET_TCP_H -DHAVE_POLL_H -DHAVE_PWD_H -DHAVE_SETJMP_H -DHAVE_SIGNAL_H -DHAVE_STDBOOL_H -DHAVE_STDINT_H -DHAVE_STDLIB_H -DHAVE_STRING_H -DHAVE_STRINGS_H -DHAVE_TERMIO_H -DHAVE_TERMIOS_H -DHAVE_TIME_H -DHAVE_UNISTD_H -DHAVE_UTIME_H -DHAVE_STDDEF_H -DHAVE_STDINT_H -DHAVE_SYS_UTSNAME_H -std=gnu11 -o CMakeFiles/cmTC_cfcf6.dir/CurlTests.c.o -c /home/notlean/openwrt-uboost/build_dir/host/cmake-3.26.4/Utilities/cmcurl/CMake/CurlTests.c
/home/notlean/openwrt-uboost/build_dir/host/cmake-3.26.4/Utilities/cmcurl/CMake/CurlTests.c: In function 'main':
/home/notlean/openwrt-uboost/build_dir/host/cmake-3.26.4/Utilities/cmcurl/CMake/CurlTests.c:384:43: error: 'SO_NONBLOCK' undeclared (first use in this function); did you mean 'SOCK_NONBLOCK'?
  384 |         if(0 != setsockopt(0, SOL_SOCKET, SO_NONBLOCK, 0, 0))
      |                                           ^~~~~~~~~~~
      |                                           SOCK_NONBLOCK
/home/notlean/openwrt-uboost/build_dir/host/cmake-3.26.4/Utilities/cmcurl/CMake/CurlTests.c:384:43: note: each undeclared identifier is reported only once for each function it appears in
ninja: build stopped: subcommand failed.


Performing Curl Test HAVE_O_NONBLOCK failed with the following output:
Change Dir: /home/notlean/openwrt-uboost/build_dir/host/cmake-3.26.4/CMakeFiles/CMakeTmp

Run Build Command(s):/home/notlean/openwrt-uboost/staging_dir/host/bin/ninja -v cmTC_34e11 && [1/2] /home/notlean/openwrt-uboost/staging_dir/host/bin/gcc   -O2 -I/home/notlean/openwrt-uboost/staging_dir/host/include -w -DHAVE_O_NONBLOCK  -DHAVE_INTTYPES_H -DHAVE_SYS_IOCTL_H -DHAVE_SYS_PARAM_H -DHAVE_SYS_POLL_H -DHAVE_SYS_RESOURCE_H -DHAVE_SYS_SELECT_H -DHAVE_SYS_SOCKET_H -DHAVE_SYS_STAT_H -DHAVE_SYS_TIME_H -DHAVE_SYS_TYPES_H -DHAVE_SYS_UN_H -DHAVE_SYS_XATTR_H -DHAVE_ARPA_INET_H -DHAVE_ARPA_TFTP_H -DHAVE_FCNTL_H -DHAVE_IFADDRS_H -DHAVE_LIBGEN_H -DHAVE_LOCALE_H -DHAVE_NET_IF_H -DHAVE_NETDB_H -DHAVE_NETINET_IN_H -DHAVE_NETINET_TCP_H -DHAVE_POLL_H -DHAVE_PWD_H -DHAVE_SETJMP_H -DHAVE_SIGNAL_H -DHAVE_STDBOOL_H -DHAVE_STDINT_H -DHAVE_STDLIB_H -DHAVE_STRING_H -DHAVE_STRINGS_H -DHAVE_TERMIO_H -DHAVE_TERMIOS_H -DHAVE_TIME_H -DHAVE_UNISTD_H -DHAVE_UTIME_H -DHAVE_STDDEF_H -DHAVE_STDINT_H -DHAVE_SYS_UTSNAME_H -std=gnu11 -o CMakeFiles/cmTC_34e11.dir/CurlTests.c.o -c /home/notlean/openwrt-uboost/build_dir/host/cmake-3.26.4/Utilities/cmcurl/CMake/CurlTests.c
[2/2] : && /home/notlean/openwrt-uboost/staging_dir/host/bin/gcc -O2 -I/home/notlean/openwrt-uboost/staging_dir/host/include -w -DHAVE_O_NONBLOCK  -DHAVE_INTTYPES_H -DHAVE_SYS_IOCTL_H -DHAVE_SYS_PARAM_H -DHAVE_SYS_POLL_H -DHAVE_SYS_RESOURCE_H -DHAVE_SYS_SELECT_H -DHAVE_SYS_SOCKET_H -DHAVE_SYS_STAT_H -DHAVE_SYS_TIME_H -DHAVE_SYS_TYPES_H -DHAVE_SYS_UN_H -DHAVE_SYS_XATTR_H -DHAVE_ARPA_INET_H -DHAVE_ARPA_TFTP_H -DHAVE_FCNTL_H -DHAVE_IFADDRS_H -DHAVE_LIBGEN_H -DHAVE_LOCALE_H -DHAVE_NET_IF_H -DHAVE_NETDB_H -DHAVE_NETINET_IN_H -DHAVE_NETINET_TCP_H -DHAVE_POLL_H -DHAVE_PWD_H -DHAVE_SETJMP_H -DHAVE_SIGNAL_H -DHAVE_STDBOOL_H -DHAVE_STDINT_H -DHAVE_STDLIB_H -DHAVE_STRING_H -DHAVE_STRINGS_H -DHAVE_TERMIO_H -DHAVE_TERMIOS_H -DHAVE_TIME_H -DHAVE_UNISTD_H -DHAVE_UTIME_H -DHAVE_STDDEF_H -DHAVE_STDINT_H -DHAVE_SYS_UTSNAME_H -L/home/notlean/openwrt-uboost/staging_dir/host/lib CMakeFiles/cmTC_34e11.dir/CurlTests.c.o -o cmTC_34e11   && :
FAILED: cmTC_34e11 
: && /home/notlean/openwrt-uboost/staging_dir/host/bin/gcc -O2 -I/home/notlean/openwrt-uboost/staging_dir/host/include -w -DHAVE_O_NONBLOCK  -DHAVE_INTTYPES_H -DHAVE_SYS_IOCTL_H -DHAVE_SYS_PARAM_H -DHAVE_SYS_POLL_H -DHAVE_SYS_RESOURCE_H -DHAVE_SYS_SELECT_H -DHAVE_SYS_SOCKET_H -DHAVE_SYS_STAT_H -DHAVE_SYS_TIME_H -DHAVE_SYS_TYPES_H -DHAVE_SYS_UN_H -DHAVE_SYS_XATTR_H -DHAVE_ARPA_INET_H -DHAVE_ARPA_TFTP_H -DHAVE_FCNTL_H -DHAVE_IFADDRS_H -DHAVE_LIBGEN_H -DHAVE_LOCALE_H -DHAVE_NET_IF_H -DHAVE_NETDB_H -DHAVE_NETINET_IN_H -DHAVE_NETINET_TCP_H -DHAVE_POLL_H -DHAVE_PWD_H -DHAVE_SETJMP_H -DHAVE_SIGNAL_H -DHAVE_STDBOOL_H -DHAVE_STDINT_H -DHAVE_STDLIB_H -DHAVE_STRING_H -DHAVE_STRINGS_H -DHAVE_TERMIO_H -DHAVE_TERMIOS_H -DHAVE_TIME_H -DHAVE_UNISTD_H -DHAVE_UTIME_H -DHAVE_STDDEF_H -DHAVE_STDINT_H -DHAVE_SYS_UTSNAME_H -L/home/notlean/openwrt-uboost/staging_dir/host/lib CMakeFiles/cmTC_34e11.dir/CurlTests.c.o -o cmTC_34e11   && :
/usr/bin/ld: /usr/lib/gcc/x86_64-linux-gnu/13/../../../x86_64-linux-gnu/Scrt1.o: in function `_start':
(.text+0x1b): undefined reference to `main'
collect2: error: ld returned 1 exit status
ninja: build stopped: subcommand failed.


Performing Curl Test HAVE_GETHOSTBYNAME_R_3 failed with the following output:
Change Dir: /home/notlean/openwrt-uboost/build_dir/host/cmake-3.26.4/CMakeFiles/CMakeTmp

Run Build Command(s):/home/notlean/openwrt-uboost/staging_dir/host/bin/ninja -v cmTC_7e350 && [1/2] /home/notlean/openwrt-uboost/staging_dir/host/bin/gcc   -O2 -I/home/notlean/openwrt-uboost/staging_dir/host/include -w -DHAVE_GETHOSTBYNAME_R_3  -DHAVE_INTTYPES_H -DHAVE_SYS_IOCTL_H -DHAVE_SYS_PARAM_H -DHAVE_SYS_POLL_H -DHAVE_SYS_RESOURCE_H -DHAVE_SYS_SELECT_H -DHAVE_SYS_SOCKET_H -DHAVE_SYS_STAT_H -DHAVE_SYS_TIME_H -DHAVE_SYS_TYPES_H -DHAVE_SYS_UN_H -DHAVE_SYS_XATTR_H -DHAVE_ARPA_INET_H -DHAVE_ARPA_TFTP_H -DHAVE_FCNTL_H -DHAVE_IFADDRS_H -DHAVE_LIBGEN_H -DHAVE_LOCALE_H -DHAVE_NET_IF_H -DHAVE_NETDB_H -DHAVE_NETINET_IN_H -DHAVE_NETINET_TCP_H -DHAVE_POLL_H -DHAVE_PWD_H -DHAVE_SETJMP_H -DHAVE_SIGNAL_H -DHAVE_STDBOOL_H -DHAVE_STDINT_H -DHAVE_STDLIB_H -DHAVE_STRING_H -DHAVE_STRINGS_H -DHAVE_TERMIO_H -DHAVE_TERMIOS_H -DHAVE_TIME_H -DHAVE_UNISTD_H -DHAVE_UTIME_H -DHAVE_STDDEF_H -DHAVE_STDINT_H -DHAVE_SYS_UTSNAME_H -std=gnu11 -o CMakeFiles/cmTC_7e350.dir/CurlTests.c.o -c /home/notlean/openwrt-uboost/build_dir/host/cmake-3.26.4/Utilities/cmcurl/CMake/CurlTests.c
FAILED: CMakeFiles/cmTC_7e350.dir/CurlTests.c.o 
/home/notlean/openwrt-uboost/staging_dir/host/bin/gcc   -O2 -I/home/notlean/openwrt-uboost/staging_dir/host/include -w -DHAVE_GETHOSTBYNAME_R_3  -DHAVE_INTTYPES_H -DHAVE_SYS_IOCTL_H -DHAVE_SYS_PARAM_H -DHAVE_SYS_POLL_H -DHAVE_SYS_RESOURCE_H -DHAVE_SYS_SELECT_H -DHAVE_SYS_SOCKET_H -DHAVE_SYS_STAT_H -DHAVE_SYS_TIME_H -DHAVE_SYS_TYPES_H -DHAVE_SYS_UN_H -DHAVE_SYS_XATTR_H -DHAVE_ARPA_INET_H -DHAVE_ARPA_TFTP_H -DHAVE_FCNTL_H -DHAVE_IFADDRS_H -DHAVE_LIBGEN_H -DHAVE_LOCALE_H -DHAVE_NET_IF_H -DHAVE_NETDB_H -DHAVE_NETINET_IN_H -DHAVE_NETINET_TCP_H -DHAVE_POLL_H -DHAVE_PWD_H -DHAVE_SETJMP_H -DHAVE_SIGNAL_H -DHAVE_STDBOOL_H -DHAVE_STDINT_H -DHAVE_STDLIB_H -DHAVE_STRING_H -DHAVE_STRINGS_H -DHAVE_TERMIO_H -DHAVE_TERMIOS_H -DHAVE_TIME_H -DHAVE_UNISTD_H -DHAVE_UTIME_H -DHAVE_STDDEF_H -DHAVE_STDINT_H -DHAVE_SYS_UTSNAME_H -std=gnu11 -o CMakeFiles/cmTC_7e350.dir/CurlTests.c.o -c /home/notlean/openwrt-uboost/build_dir/host/cmake-3.26.4/Utilities/cmcurl/CMake/CurlTests.c
/home/notlean/openwrt-uboost/build_dir/host/cmake-3.26.4/Utilities/cmcurl/CMake/CurlTests.c: In function 'main':
/home/notlean/openwrt-uboost/build_dir/host/cmake-3.26.4/Utilities/cmcurl/CMake/CurlTests.c:99:23: error: storage size of 'hdata' isn't known
   99 |   struct hostent_data hdata;
      |                       ^~~~~
/home/notlean/openwrt-uboost/build_dir/host/cmake-3.26.4/Utilities/cmcurl/CMake/CurlTests.c:111:8: error: too few arguments to function 'gethostbyname_r'
  111 |   rc = gethostbyname_r(address, &h, &hdata);
      |        ^~~~~~~~~~~~~~~
In file included from /home/notlean/openwrt-uboost/build_dir/host/cmake-3.26.4/Utilities/cmcurl/CMake/CurlTests.c:89:
/usr/include/netdb.h:177:12: note: declared here
  177 | extern int gethostbyname_r (const char *__restrict __name,
      |            ^~~~~~~~~~~~~~~
ninja: build stopped: subcommand failed.


Performing Curl Test HAVE_GETHOSTBYNAME_R_5 failed with the following output:
Change Dir: /home/notlean/openwrt-uboost/build_dir/host/cmake-3.26.4/CMakeFiles/CMakeTmp

Run Build Command(s):/home/notlean/openwrt-uboost/staging_dir/host/bin/ninja -v cmTC_a21f2 && [1/2] /home/notlean/openwrt-uboost/staging_dir/host/bin/gcc   -O2 -I/home/notlean/openwrt-uboost/staging_dir/host/include -w -DHAVE_GETHOSTBYNAME_R_5  -DHAVE_INTTYPES_H -DHAVE_SYS_IOCTL_H -DHAVE_SYS_PARAM_H -DHAVE_SYS_POLL_H -DHAVE_SYS_RESOURCE_H -DHAVE_SYS_SELECT_H -DHAVE_SYS_SOCKET_H -DHAVE_SYS_STAT_H -DHAVE_SYS_TIME_H -DHAVE_SYS_TYPES_H -DHAVE_SYS_UN_H -DHAVE_SYS_XATTR_H -DHAVE_ARPA_INET_H -DHAVE_ARPA_TFTP_H -DHAVE_FCNTL_H -DHAVE_IFADDRS_H -DHAVE_LIBGEN_H -DHAVE_LOCALE_H -DHAVE_NET_IF_H -DHAVE_NETDB_H -DHAVE_NETINET_IN_H -DHAVE_NETINET_TCP_H -DHAVE_POLL_H -DHAVE_PWD_H -DHAVE_SETJMP_H -DHAVE_SIGNAL_H -DHAVE_STDBOOL_H -DHAVE_STDINT_H -DHAVE_STDLIB_H -DHAVE_STRING_H -DHAVE_STRINGS_H -DHAVE_TERMIO_H -DHAVE_TERMIOS_H -DHAVE_TIME_H -DHAVE_UNISTD_H -DHAVE_UTIME_H -DHAVE_STDDEF_H -DHAVE_STDINT_H -DHAVE_SYS_UTSNAME_H -std=gnu11 -o CMakeFiles/cmTC_a21f2.dir/CurlTests.c.o -c /home/notlean/openwrt-uboost/build_dir/host/cmake-3.26.4/Utilities/cmcurl/CMake/CurlTests.c
FAILED: CMakeFiles/cmTC_a21f2.dir/CurlTests.c.o 
/home/notlean/openwrt-uboost/staging_dir/host/bin/gcc   -O2 -I/home/notlean/openwrt-uboost/staging_dir/host/include -w -DHAVE_GETHOSTBYNAME_R_5  -DHAVE_INTTYPES_H -DHAVE_SYS_IOCTL_H -DHAVE_SYS_PARAM_H -DHAVE_SYS_POLL_H -DHAVE_SYS_RESOURCE_H -DHAVE_SYS_SELECT_H -DHAVE_SYS_SOCKET_H -DHAVE_SYS_STAT_H -DHAVE_SYS_TIME_H -DHAVE_SYS_TYPES_H -DHAVE_SYS_UN_H -DHAVE_SYS_XATTR_H -DHAVE_ARPA_INET_H -DHAVE_ARPA_TFTP_H -DHAVE_FCNTL_H -DHAVE_IFADDRS_H -DHAVE_LIBGEN_H -DHAVE_LOCALE_H -DHAVE_NET_IF_H -DHAVE_NETDB_H -DHAVE_NETINET_IN_H -DHAVE_NETINET_TCP_H -DHAVE_POLL_H -DHAVE_PWD_H -DHAVE_SETJMP_H -DHAVE_SIGNAL_H -DHAVE_STDBOOL_H -DHAVE_STDINT_H -DHAVE_STDLIB_H -DHAVE_STRING_H -DHAVE_STRINGS_H -DHAVE_TERMIO_H -DHAVE_TERMIOS_H -DHAVE_TIME_H -DHAVE_UNISTD_H -DHAVE_UTIME_H -DHAVE_STDDEF_H -DHAVE_STDINT_H -DHAVE_SYS_UTSNAME_H -std=gnu11 -o CMakeFiles/cmTC_a21f2.dir/CurlTests.c.o -c /home/notlean/openwrt-uboost/build_dir/host/cmake-3.26.4/Utilities/cmcurl/CMake/CurlTests.c
/home/notlean/openwrt-uboost/build_dir/host/cmake-3.26.4/Utilities/cmcurl/CMake/CurlTests.c: In function 'main':
/home/notlean/openwrt-uboost/build_dir/host/cmake-3.26.4/Utilities/cmcurl/CMake/CurlTests.c:114:8: error: too few arguments to function 'gethostbyname_r'
  114 |   rc = gethostbyname_r(address, &h, buffer, 8192, &h_errnop);
      |        ^~~~~~~~~~~~~~~
In file included from /home/notlean/openwrt-uboost/build_dir/host/cmake-3.26.4/Utilities/cmcurl/CMake/CurlTests.c:89:
/usr/include/netdb.h:177:12: note: declared here
  177 | extern int gethostbyname_r (const char *__restrict __name,
      |            ^~~~~~~~~~~~~~~
ninja: build stopped: subcommand failed.


Performing Curl Test HAVE_GETHOSTBYNAME_R_3_REENTRANT failed with the following output:
Change Dir: /home/notlean/openwrt-uboost/build_dir/host/cmake-3.26.4/CMakeFiles/CMakeTmp

Run Build Command(s):/home/notlean/openwrt-uboost/staging_dir/host/bin/ninja -v cmTC_9aabf && [1/2] /home/notlean/openwrt-uboost/staging_dir/host/bin/gcc   -O2 -I/home/notlean/openwrt-uboost/staging_dir/host/include -w -DHAVE_GETHOSTBYNAME_R_3_REENTRANT  -DHAVE_INTTYPES_H -DHAVE_SYS_IOCTL_H -DHAVE_SYS_PARAM_H -DHAVE_SYS_POLL_H -DHAVE_SYS_RESOURCE_H -DHAVE_SYS_SELECT_H -DHAVE_SYS_SOCKET_H -DHAVE_SYS_STAT_H -DHAVE_SYS_TIME_H -DHAVE_SYS_TYPES_H -DHAVE_SYS_UN_H -DHAVE_SYS_XATTR_H -DHAVE_ARPA_INET_H -DHAVE_ARPA_TFTP_H -DHAVE_FCNTL_H -DHAVE_IFADDRS_H -DHAVE_LIBGEN_H -DHAVE_LOCALE_H -DHAVE_NET_IF_H -DHAVE_NETDB_H -DHAVE_NETINET_IN_H -DHAVE_NETINET_TCP_H -DHAVE_POLL_H -DHAVE_PWD_H -DHAVE_SETJMP_H -DHAVE_SIGNAL_H -DHAVE_STDBOOL_H -DHAVE_STDINT_H -DHAVE_STDLIB_H -DHAVE_STRING_H -DHAVE_STRINGS_H -DHAVE_TERMIO_H -DHAVE_TERMIOS_H -DHAVE_TIME_H -DHAVE_UNISTD_H -DHAVE_UTIME_H -DHAVE_STDDEF_H -DHAVE_STDINT_H -DHAVE_SYS_UTSNAME_H -std=gnu11 -o CMakeFiles/cmTC_9aabf.dir/CurlTests.c.o -c /home/notlean/openwrt-uboost/build_dir/host/cmake-3.26.4/Utilities/cmcurl/CMake/CurlTests.c
FAILED: CMakeFiles/cmTC_9aabf.dir/CurlTests.c.o 
/home/notlean/openwrt-uboost/staging_dir/host/bin/gcc   -O2 -I/home/notlean/openwrt-uboost/staging_dir/host/include -w -DHAVE_GETHOSTBYNAME_R_3_REENTRANT  -DHAVE_INTTYPES_H -DHAVE_SYS_IOCTL_H -DHAVE_SYS_PARAM_H -DHAVE_SYS_POLL_H -DHAVE_SYS_RESOURCE_H -DHAVE_SYS_SELECT_H -DHAVE_SYS_SOCKET_H -DHAVE_SYS_STAT_H -DHAVE_SYS_TIME_H -DHAVE_SYS_TYPES_H -DHAVE_SYS_UN_H -DHAVE_SYS_XATTR_H -DHAVE_ARPA_INET_H -DHAVE_ARPA_TFTP_H -DHAVE_FCNTL_H -DHAVE_IFADDRS_H -DHAVE_LIBGEN_H -DHAVE_LOCALE_H -DHAVE_NET_IF_H -DHAVE_NETDB_H -DHAVE_NETINET_IN_H -DHAVE_NETINET_TCP_H -DHAVE_POLL_H -DHAVE_PWD_H -DHAVE_SETJMP_H -DHAVE_SIGNAL_H -DHAVE_STDBOOL_H -DHAVE_STDINT_H -DHAVE_STDLIB_H -DHAVE_STRING_H -DHAVE_STRINGS_H -DHAVE_TERMIO_H -DHAVE_TERMIOS_H -DHAVE_TIME_H -DHAVE_UNISTD_H -DHAVE_UTIME_H -DHAVE_STDDEF_H -DHAVE_STDINT_H -DHAVE_SYS_UTSNAME_H -std=gnu11 -o CMakeFiles/cmTC_9aabf.dir/CurlTests.c.o -c /home/notlean/openwrt-uboost/build_dir/host/cmake-3.26.4/Utilities/cmcurl/CMake/CurlTests.c
/home/notlean/openwrt-uboost/build_dir/host/cmake-3.26.4/Utilities/cmcurl/CMake/CurlTests.c: In function 'main':
/home/notlean/openwrt-uboost/build_dir/host/cmake-3.26.4/Utilities/cmcurl/CMake/CurlTests.c:99:23: error: storage size of 'hdata' isn't known
   99 |   struct hostent_data hdata;
      |                       ^~~~~
/home/notlean/openwrt-uboost/build_dir/host/cmake-3.26.4/Utilities/cmcurl/CMake/CurlTests.c:111:8: error: too few arguments to function 'gethostbyname_r'
  111 |   rc = gethostbyname_r(address, &h, &hdata);
      |        ^~~~~~~~~~~~~~~
In file included from /home/notlean/openwrt-uboost/build_dir/host/cmake-3.26.4/Utilities/cmcurl/CMake/CurlTests.c:89:
/usr/include/netdb.h:177:12: note: declared here
  177 | extern int gethostbyname_r (const char *__restrict __name,
      |            ^~~~~~~~~~~~~~~
ninja: build stopped: subcommand failed.


Performing Curl Test HAVE_GETHOSTBYNAME_R_5_REENTRANT failed with the following output:
Change Dir: /home/notlean/openwrt-uboost/build_dir/host/cmake-3.26.4/CMakeFiles/CMakeTmp

Run Build Command(s):/home/notlean/openwrt-uboost/staging_dir/host/bin/ninja -v cmTC_8602c && [1/2] /home/notlean/openwrt-uboost/staging_dir/host/bin/gcc   -O2 -I/home/notlean/openwrt-uboost/staging_dir/host/include -w -DHAVE_GETHOSTBYNAME_R_5_REENTRANT  -DHAVE_INTTYPES_H -DHAVE_SYS_IOCTL_H -DHAVE_SYS_PARAM_H -DHAVE_SYS_POLL_H -DHAVE_SYS_RESOURCE_H -DHAVE_SYS_SELECT_H -DHAVE_SYS_SOCKET_H -DHAVE_SYS_STAT_H -DHAVE_SYS_TIME_H -DHAVE_SYS_TYPES_H -DHAVE_SYS_UN_H -DHAVE_SYS_XATTR_H -DHAVE_ARPA_INET_H -DHAVE_ARPA_TFTP_H -DHAVE_FCNTL_H -DHAVE_IFADDRS_H -DHAVE_LIBGEN_H -DHAVE_LOCALE_H -DHAVE_NET_IF_H -DHAVE_NETDB_H -DHAVE_NETINET_IN_H -DHAVE_NETINET_TCP_H -DHAVE_POLL_H -DHAVE_PWD_H -DHAVE_SETJMP_H -DHAVE_SIGNAL_H -DHAVE_STDBOOL_H -DHAVE_STDINT_H -DHAVE_STDLIB_H -DHAVE_STRING_H -DHAVE_STRINGS_H -DHAVE_TERMIO_H -DHAVE_TERMIOS_H -DHAVE_TIME_H -DHAVE_UNISTD_H -DHAVE_UTIME_H -DHAVE_STDDEF_H -DHAVE_STDINT_H -DHAVE_SYS_UTSNAME_H -std=gnu11 -o CMakeFiles/cmTC_8602c.dir/CurlTests.c.o -c /home/notlean/openwrt-uboost/build_dir/host/cmake-3.26.4/Utilities/cmcurl/CMake/CurlTests.c
FAILED: CMakeFiles/cmTC_8602c.dir/CurlTests.c.o 
/home/notlean/openwrt-uboost/staging_dir/host/bin/gcc   -O2 -I/home/notlean/openwrt-uboost/staging_dir/host/include -w -DHAVE_GETHOSTBYNAME_R_5_REENTRANT  -DHAVE_INTTYPES_H -DHAVE_SYS_IOCTL_H -DHAVE_SYS_PARAM_H -DHAVE_SYS_POLL_H -DHAVE_SYS_RESOURCE_H -DHAVE_SYS_SELECT_H -DHAVE_SYS_SOCKET_H -DHAVE_SYS_STAT_H -DHAVE_SYS_TIME_H -DHAVE_SYS_TYPES_H -DHAVE_SYS_UN_H -DHAVE_SYS_XATTR_H -DHAVE_ARPA_INET_H -DHAVE_ARPA_TFTP_H -DHAVE_FCNTL_H -DHAVE_IFADDRS_H -DHAVE_LIBGEN_H -DHAVE_LOCALE_H -DHAVE_NET_IF_H -DHAVE_NETDB_H -DHAVE_NETINET_IN_H -DHAVE_NETINET_TCP_H -DHAVE_POLL_H -DHAVE_PWD_H -DHAVE_SETJMP_H -DHAVE_SIGNAL_H -DHAVE_STDBOOL_H -DHAVE_STDINT_H -DHAVE_STDLIB_H -DHAVE_STRING_H -DHAVE_STRINGS_H -DHAVE_TERMIO_H -DHAVE_TERMIOS_H -DHAVE_TIME_H -DHAVE_UNISTD_H -DHAVE_UTIME_H -DHAVE_STDDEF_H -DHAVE_STDINT_H -DHAVE_SYS_UTSNAME_H -std=gnu11 -o CMakeFiles/cmTC_8602c.dir/CurlTests.c.o -c /home/notlean/openwrt-uboost/build_dir/host/cmake-3.26.4/Utilities/cmcurl/CMake/CurlTests.c
/home/notlean/openwrt-uboost/build_dir/host/cmake-3.26.4/Utilities/cmcurl/CMake/CurlTests.c: In function 'main':
/home/notlean/openwrt-uboost/build_dir/host/cmake-3.26.4/Utilities/cmcurl/CMake/CurlTests.c:114:8: error: too few arguments to function 'gethostbyname_r'
  114 |   rc = gethostbyname_r(address, &h, buffer, 8192, &h_errnop);
      |        ^~~~~~~~~~~~~~~
In file included from /home/notlean/openwrt-uboost/build_dir/host/cmake-3.26.4/Utilities/cmcurl/CMake/CurlTests.c:89:
/usr/include/netdb.h:177:12: note: declared here
  177 | extern int gethostbyname_r (const char *__restrict __name,
      |            ^~~~~~~~~~~~~~~
ninja: build stopped: subcommand failed.


Performing Curl Test HAVE_GLIBC_STRERROR_R failed with the following output:
Change Dir: /home/notlean/openwrt-uboost/build_dir/host/cmake-3.26.4/CMakeFiles/CMakeTmp

Run Build Command(s):/home/notlean/openwrt-uboost/staging_dir/host/bin/ninja -v cmTC_53901 && [1/2] /home/notlean/openwrt-uboost/staging_dir/host/bin/gcc   -O2 -I/home/notlean/openwrt-uboost/staging_dir/host/include -w -DHAVE_GLIBC_STRERROR_R  -DHAVE_INTTYPES_H -DHAVE_SYS_IOCTL_H -DHAVE_SYS_PARAM_H -DHAVE_SYS_POLL_H -DHAVE_SYS_RESOURCE_H -DHAVE_SYS_SELECT_H -DHAVE_SYS_SOCKET_H -DHAVE_SYS_STAT_H -DHAVE_SYS_TIME_H -DHAVE_SYS_TYPES_H -DHAVE_SYS_UN_H -DHAVE_SYS_XATTR_H -DHAVE_ARPA_INET_H -DHAVE_ARPA_TFTP_H -DHAVE_FCNTL_H -DHAVE_IFADDRS_H -DHAVE_LIBGEN_H -DHAVE_LOCALE_H -DHAVE_NET_IF_H -DHAVE_NETDB_H -DHAVE_NETINET_IN_H -DHAVE_NETINET_TCP_H -DHAVE_POLL_H -DHAVE_PWD_H -DHAVE_SETJMP_H -DHAVE_SIGNAL_H -DHAVE_STDBOOL_H -DHAVE_STDINT_H -DHAVE_STDLIB_H -DHAVE_STRING_H -DHAVE_STRINGS_H -DHAVE_TERMIO_H -DHAVE_TERMIOS_H -DHAVE_TIME_H -DHAVE_UNISTD_H -DHAVE_UTIME_H -DHAVE_STDDEF_H -DHAVE_STDINT_H -DHAVE_SYS_UTSNAME_H -std=gnu11 -o CMakeFiles/cmTC_53901.dir/CurlTests.c.o -c /home/notlean/openwrt-uboost/build_dir/host/cmake-3.26.4/Utilities/cmcurl/CMake/CurlTests.c
FAILED: CMakeFiles/cmTC_53901.dir/CurlTests.c.o 
/home/notlean/openwrt-uboost/staging_dir/host/bin/gcc   -O2 -I/home/notlean/openwrt-uboost/staging_dir/host/include -w -DHAVE_GLIBC_STRERROR_R  -DHAVE_INTTYPES_H -DHAVE_SYS_IOCTL_H -DHAVE_SYS_PARAM_H -DHAVE_SYS_POLL_H -DHAVE_SYS_RESOURCE_H -DHAVE_SYS_SELECT_H -DHAVE_SYS_SOCKET_H -DHAVE_SYS_STAT_H -DHAVE_SYS_TIME_H -DHAVE_SYS_TYPES_H -DHAVE_SYS_UN_H -DHAVE_SYS_XATTR_H -DHAVE_ARPA_INET_H -DHAVE_ARPA_TFTP_H -DHAVE_FCNTL_H -DHAVE_IFADDRS_H -DHAVE_LIBGEN_H -DHAVE_LOCALE_H -DHAVE_NET_IF_H -DHAVE_NETDB_H -DHAVE_NETINET_IN_H -DHAVE_NETINET_TCP_H -DHAVE_POLL_H -DHAVE_PWD_H -DHAVE_SETJMP_H -DHAVE_SIGNAL_H -DHAVE_STDBOOL_H -DHAVE_STDINT_H -DHAVE_STDLIB_H -DHAVE_STRING_H -DHAVE_STRINGS_H -DHAVE_TERMIO_H -DHAVE_TERMIOS_H -DHAVE_TIME_H -DHAVE_UNISTD_H -DHAVE_UTIME_H -DHAVE_STDDEF_H -DHAVE_STDINT_H -DHAVE_SYS_UTSNAME_H -std=gnu11 -o CMakeFiles/cmTC_53901.dir/CurlTests.c.o -c /home/notlean/openwrt-uboost/build_dir/host/cmake-3.26.4/Utilities/cmcurl/CMake/CurlTests.c
/home/notlean/openwrt-uboost/build_dir/host/cmake-3.26.4/Utilities/cmcurl/CMake/CurlTests.c: In function 'main':
/home/notlean/openwrt-uboost/build_dir/host/cmake-3.26.4/Utilities/cmcurl/CMake/CurlTests.c:400:51: error: subscripted value is neither array nor pointer nor vector
  400 |   check(strerror_r(EACCES, buffer, sizeof(buffer))[0]);
      |                                                   ^
ninja: build stopped: subcommand failed.


Performing Curl Test HAVE_BUILTIN_AVAILABLE failed with the following output:
Change Dir: /home/notlean/openwrt-uboost/build_dir/host/cmake-3.26.4/CMakeFiles/CMakeTmp

Run Build Command(s):/home/notlean/openwrt-uboost/staging_dir/host/bin/ninja -v cmTC_b0148 && [1/2] /home/notlean/openwrt-uboost/staging_dir/host/bin/gcc   -O2 -I/home/notlean/openwrt-uboost/staging_dir/host/include -w -DHAVE_BUILTIN_AVAILABLE  -DHAVE_INTTYPES_H -DHAVE_SYS_IOCTL_H -DHAVE_SYS_PARAM_H -DHAVE_SYS_POLL_H -DHAVE_SYS_RESOURCE_H -DHAVE_SYS_SELECT_H -DHAVE_SYS_SOCKET_H -DHAVE_SYS_STAT_H -DHAVE_SYS_TIME_H -DHAVE_SYS_TYPES_H -DHAVE_SYS_UN_H -DHAVE_SYS_XATTR_H -DHAVE_ARPA_INET_H -DHAVE_ARPA_TFTP_H -DHAVE_FCNTL_H -DHAVE_IFADDRS_H -DHAVE_LIBGEN_H -DHAVE_LOCALE_H -DHAVE_NET_IF_H -DHAVE_NETDB_H -DHAVE_NETINET_IN_H -DHAVE_NETINET_TCP_H -DHAVE_POLL_H -DHAVE_PWD_H -DHAVE_SETJMP_H -DHAVE_SIGNAL_H -DHAVE_STDBOOL_H -DHAVE_STDINT_H -DHAVE_STDLIB_H -DHAVE_STRING_H -DHAVE_STRINGS_H -DHAVE_TERMIO_H -DHAVE_TERMIOS_H -DHAVE_TIME_H -DHAVE_UNISTD_H -DHAVE_UTIME_H -DHAVE_STDDEF_H -DHAVE_STDINT_H -DHAVE_SYS_UTSNAME_H -std=gnu11 -o CMakeFiles/cmTC_b0148.dir/CurlTests.c.o -c /home/notlean/openwrt-uboost/build_dir/host/cmake-3.26.4/Utilities/cmcurl/CMake/CurlTests.c
FAILED: CMakeFiles/cmTC_b0148.dir/CurlTests.c.o 
/home/notlean/openwrt-uboost/staging_dir/host/bin/gcc   -O2 -I/home/notlean/openwrt-uboost/staging_dir/host/include -w -DHAVE_BUILTIN_AVAILABLE  -DHAVE_INTTYPES_H -DHAVE_SYS_IOCTL_H -DHAVE_SYS_PARAM_H -DHAVE_SYS_POLL_H -DHAVE_SYS_RESOURCE_H -DHAVE_SYS_SELECT_H -DHAVE_SYS_SOCKET_H -DHAVE_SYS_STAT_H -DHAVE_SYS_TIME_H -DHAVE_SYS_TYPES_H -DHAVE_SYS_UN_H -DHAVE_SYS_XATTR_H -DHAVE_ARPA_INET_H -DHAVE_ARPA_TFTP_H -DHAVE_FCNTL_H -DHAVE_IFADDRS_H -DHAVE_LIBGEN_H -DHAVE_LOCALE_H -DHAVE_NET_IF_H -DHAVE_NETDB_H -DHAVE_NETINET_IN_H -DHAVE_NETINET_TCP_H -DHAVE_POLL_H -DHAVE_PWD_H -DHAVE_SETJMP_H -DHAVE_SIGNAL_H -DHAVE_STDBOOL_H -DHAVE_STDINT_H -DHAVE_STDLIB_H -DHAVE_STRING_H -DHAVE_STRINGS_H -DHAVE_TERMIO_H -DHAVE_TERMIOS_H -DHAVE_TIME_H -DHAVE_UNISTD_H -DHAVE_UTIME_H -DHAVE_STDDEF_H -DHAVE_STDINT_H -DHAVE_SYS_UTSNAME_H -std=gnu11 -o CMakeFiles/cmTC_b0148.dir/CurlTests.c.o -c /home/notlean/openwrt-uboost/build_dir/host/cmake-3.26.4/Utilities/cmcurl/CMake/CurlTests.c
/home/notlean/openwrt-uboost/build_dir/host/cmake-3.26.4/Utilities/cmcurl/CMake/CurlTests.c: In function 'main':
/home/notlean/openwrt-uboost/build_dir/host/cmake-3.26.4/Utilities/cmcurl/CMake/CurlTests.c:447:26: error: 'macOS' undeclared (first use in this function)
  447 |   if(__builtin_available(macOS 10.12, *)) {}
      |                          ^~~~~
/home/notlean/openwrt-uboost/build_dir/host/cmake-3.26.4/Utilities/cmcurl/CMake/CurlTests.c:447:26: note: each undeclared identifier is reported only once for each function it appears in
/home/notlean/openwrt-uboost/build_dir/host/cmake-3.26.4/Utilities/cmcurl/CMake/CurlTests.c:447:31: error: expected ')' before numeric constant
  447 |   if(__builtin_available(macOS 10.12, *)) {}
      |                         ~     ^~~~~~
      |                               )
ninja: build stopped: subcommand failed.


Looking for a Fortran compiler failed with the following output:
-- The Fortran compiler identification is unknown
[31mCMake Error at CMakeLists.txt:2 (project):
  No CMAKE_Fortran_COMPILER could be found.

  Tell CMake where to find the compiler by setting either the environment
  variable "FC" or the CMake cache entry CMAKE_Fortran_COMPILER to the full
  path to the compiler, or to the compiler name if it is in the PATH.

[0m
-- Configuring incomplete, errors occurred!

Looking for a Swift compiler failed with the following output:
-- The Swift compiler identification is unknown
[31mCMake Error at CMakeLists.txt:2 (project):
  No CMAKE_Swift_COMPILER could be found.

  Tell CMake where to find the compiler by setting either the environment
  variable "SWIFTC" or the CMake cache entry CMAKE_Swift_COMPILER to the full
  path to the compiler, or to the compiler name if it is in the PATH.

[0m
[31mCMake Error at /home/notlean/openwrt-uboost/build_dir/host/cmake-3.26.4/Modules/CMakeSwiftInformation.cmake:111 (cmake_host_system_information):
  Unknown CMake command "cmake_host_system_information".
Call Stack (most recent call first):
  CMakeLists.txt:2 (project)

[0m
-- Configuring incomplete, errors occurred!

