This file contains any messages produced by compilers while
running configure, to aid debugging if configure makes a mistake.

It was created by mklibs configure 0.1.45, which was
generated by GNU Autoconf 2.71.  Invocation command line was

  $ ./configure --target=x86_64-pc-linux-gnu --host=x86_64-pc-linux-gnu --build=x86_64-pc-linux-gnu --disable-dependency-tracking --program-prefix= --program-suffix= --prefix=/home/notlean/openwrt-uboost/staging_dir/host --exec-prefix=/home/notlean/openwrt-uboost/staging_dir/host --sysconfdir=/home/notlean/openwrt-uboost/staging_dir/host/etc --localstatedir=/home/notlean/openwrt-uboost/staging_dir/host/var --sbindir=/home/notlean/openwrt-uboost/staging_dir/host/bin

## --------- ##
## Platform. ##
## --------- ##

hostname = Notlean
uname -m = x86_64
uname -r = 6.14.0-33-generic
uname -s = Linux
uname -v = #33~24.04.1-Ubuntu SMP PREEMPT_DYNAMIC Fri Sep 19 17:02:30 UTC 2

/usr/bin/uname -p = x86_64
/bin/uname -X     = unknown

/bin/arch              = x86_64
/usr/bin/arch -k       = unknown
/usr/convex/getsysinfo = unknown
/usr/bin/hostinfo      = unknown
/bin/machine           = unknown
/usr/bin/oslevel       = unknown
/bin/universe          = unknown

PATH: /home/notlean/openwrt-uboost/staging_dir/toolchain-mipsel_24kc_gcc-12.3.0_musl/bin/
PATH: /home/notlean/openwrt-uboost/staging_dir/toolchain-mipsel_24kc_gcc-12.3.0_musl/bin/
PATH: /home/notlean/openwrt-uboost/staging_dir/host/bin/
PATH: /home/notlean/openwrt-uboost/staging_dir/toolchain-mipsel_24kc_gcc-12.3.0_musl/bin/
PATH: /home/notlean/openwrt-uboost/staging_dir/host/bin/
PATH: /home/notlean/openwrt-uboost/staging_dir/host/bin/
PATH: /usr/local/sbin/
PATH: /usr/local/bin/
PATH: /usr/sbin/
PATH: /usr/bin/
PATH: /sbin/
PATH: /bin/
PATH: /usr/games/
PATH: /usr/local/games/
PATH: /snap/bin/
PATH: /snap/bin/


## ----------- ##
## Core tests. ##
## ----------- ##

configure:2022: looking for aux files: config.guess config.sub missing install-sh
configure:2035:  trying ./
configure:2064:   ./config.guess found
configure:2064:   ./config.sub found
configure:2064:   ./missing found
configure:2046:   ./install-sh found
configure:2193: checking for a BSD-compatible install
configure:2266: result: /home/notlean/openwrt-uboost/staging_dir/host/bin/install -c
configure:2277: checking whether build environment is sane
configure:2332: result: yes
configure:2491: checking for a race-free mkdir -p
configure:2535: result: /usr/bin/mkdir -p
configure:2542: checking for gawk
configure:2563: found /usr/bin/gawk
configure:2574: result: gawk
configure:2585: checking whether make sets $(MAKE)
configure:2608: result: yes
configure:2638: checking whether make supports nested variables
configure:2656: result: yes
configure:2790: checking whether to enable maintainer-specific portions of Makefiles
configure:2800: result: no
configure:2820: checking build system type
configure:2835: result: x86_64-pc-linux-gnu
configure:2855: checking host system type
configure:2869: result: x86_64-pc-linux-gnu
configure:3018: checking for C++ compiler version
configure:3027: g++ --version >&5
g++ (Ubuntu 13.3.0-6ubuntu2~24.04) 13.3.0
Copyright (C) 2023 Free Software Foundation, Inc.
This is free software; see the source for copying conditions.  There is NO
warranty; not even for MERCHANTABILITY or FITNESS FOR A PARTICULAR PURPOSE.

configure:3038: $? = 0
configure:3027: g++ -v >&5
Using built-in specs.
COLLECT_GCC=g++
COLLECT_LTO_WRAPPER=/usr/libexec/gcc/x86_64-linux-gnu/13/lto-wrapper
OFFLOAD_TARGET_NAMES=nvptx-none:amdgcn-amdhsa
OFFLOAD_TARGET_DEFAULT=1
Target: x86_64-linux-gnu
Configured with: ../src/configure -v --with-pkgversion='Ubuntu 13.3.0-6ubuntu2~24.04' --with-bugurl=file:///usr/share/doc/gcc-13/README.Bugs --enable-languages=c,ada,c++,go,d,fortran,objc,obj-c++,m2 --prefix=/usr --with-gcc-major-version-only --program-suffix=-13 --program-prefix=x86_64-linux-gnu- --enable-shared --enable-linker-build-id --libexecdir=/usr/libexec --without-included-gettext --enable-threads=posix --libdir=/usr/lib --enable-nls --enable-bootstrap --enable-clocale=gnu --enable-libstdcxx-debug --enable-libstdcxx-time=yes --with-default-libstdcxx-abi=new --enable-libstdcxx-backtrace --enable-gnu-unique-object --disable-vtable-verify --enable-plugin --enable-default-pie --with-system-zlib --enable-libphobos-checking=release --with-target-system-zlib=auto --enable-objc-gc=auto --enable-multiarch --disable-werror --enable-cet --with-arch-32=i686 --with-abi=m64 --with-multilib-list=m32,m64,mx32 --enable-multilib --with-tune=generic --enable-offload-targets=nvptx-none=/build/gcc-13-fG75Ri/gcc-13-13.3.0/debian/tmp-nvptx/usr,amdgcn-amdhsa=/build/gcc-13-fG75Ri/gcc-13-13.3.0/debian/tmp-gcn/usr --enable-offload-defaulted --without-cuda-driver --enable-checking=release --build=x86_64-linux-gnu --host=x86_64-linux-gnu --target=x86_64-linux-gnu --with-build-config=bootstrap-lto-lean --enable-link-serialization=2
Thread model: posix
Supported LTO compression algorithms: zlib zstd
gcc version 13.3.0 (Ubuntu 13.3.0-6ubuntu2~24.04) 
... rest of stderr output deleted ...
configure:3038: $? = 0
configure:3027: g++ -V >&5
g++: error: unrecognized command-line option '-V'
g++: fatal error: no input files
compilation terminated.
configure:3038: $? = 1
configure:3027: g++ -qversion >&5
g++: error: unrecognized command-line option '-qversion'; did you mean '--version'?
g++: fatal error: no input files
compilation terminated.
configure:3038: $? = 1
configure:3058: checking whether the C++ compiler works
configure:3080: g++  -I/home/notlean/openwrt-uboost/staging_dir/host/include  -std=gnu++98 -L/home/notlean/openwrt-uboost/staging_dir/host/lib  conftest.cpp  >&5
configure:3084: $? = 0
configure:3134: result: yes
configure:3137: checking for C++ compiler default output file name
configure:3139: result: a.out
configure:3145: checking for suffix of executables
configure:3152: g++ -o conftest  -I/home/notlean/openwrt-uboost/staging_dir/host/include  -std=gnu++98 -L/home/notlean/openwrt-uboost/staging_dir/host/lib  conftest.cpp  >&5
configure:3156: $? = 0
configure:3179: result: 
configure:3201: checking whether we are cross compiling
configure:3209: g++ -o conftest  -I/home/notlean/openwrt-uboost/staging_dir/host/include  -std=gnu++98 -L/home/notlean/openwrt-uboost/staging_dir/host/lib  conftest.cpp  >&5
configure:3213: $? = 0
configure:3220: ./conftest
configure:3224: $? = 0
configure:3239: result: no
configure:3244: checking for suffix of object files
configure:3267: g++ -c  -I/home/notlean/openwrt-uboost/staging_dir/host/include  -std=gnu++98 conftest.cpp >&5
configure:3271: $? = 0
configure:3293: result: o
configure:3297: checking whether the compiler supports GNU C++
configure:3317: g++ -c  -I/home/notlean/openwrt-uboost/staging_dir/host/include  -std=gnu++98 conftest.cpp >&5
configure:3317: $? = 0
configure:3327: result: yes
configure:3338: checking whether g++ accepts -g
configure:3359: g++ -c -g -I/home/notlean/openwrt-uboost/staging_dir/host/include  -std=gnu++98 conftest.cpp >&5
configure:3359: $? = 0
configure:3403: result: yes
configure:3423: checking for g++ option to enable C++11 features
configure:3438: g++  -c  -I/home/notlean/openwrt-uboost/staging_dir/host/include  -std=gnu++98 conftest.cpp >&5
conftest.cpp:55:3: error: #error "Compiler does not advertise C++11 conformance"
   55 | # error "Compiler does not advertise C++11 conformance"
      |   ^~~~~
conftest.cpp:60:3: error: 'constexpr' does not name a type
   60 |   constexpr int get_val() { return 20; }
      |   ^~~~~~~~~
conftest.cpp:60:3: note: C++11 'constexpr' only available with '-std=c++11' or '-std=gnu++11'
conftest.cpp: In constructor 'cxx11test::delegate::delegate()':
conftest.cpp:72:30: warning: delegating constructors only available with '-std=c++11' or '-std=gnu++11' [-Wc++11-extensions]
   72 |     delegate(): delegate(2354) {}
      |                              ^
conftest.cpp: At global scope:
conftest.cpp:83:24: warning: override controls (override/final) only available with '-std=c++11' or '-std=gnu++11' [-Wc++11-extensions]
   83 |     virtual int getval() override final { return this->n * 2; }
      |                        ^
conftest.cpp:83:26: warning: override controls (override/final) only available with '-std=c++11' or '-std=gnu++11' [-Wc++11-extensions]
   83 |     virtual int getval() override final { return this->n * 2; }
      |                          ^~~~~~~~
conftest.cpp:90:16: warning: defaulted and deleted functions only available with '-std=c++11' or '-std=gnu++11' [-Wc++11-extensions]
   90 |     nocopy() = default;
      |                ^~~~~~~
conftest.cpp:91:29: warning: defaulted and deleted functions only available with '-std=c++11' or '-std=gnu++11' [-Wc++11-extensions]
   91 |     nocopy(const nocopy&) = delete;
      |                             ^~~~~~
conftest.cpp:92:41: warning: defaulted and deleted functions only available with '-std=c++11' or '-std=gnu++11' [-Wc++11-extensions]
   92 |     nocopy & operator=(const nocopy&) = delete;
      |                                         ^~~~~~
conftest.cpp:104:30: error: ISO C++ forbids declaration of 'sum' with no type [-fpermissive]
  104 |   template <typename V> auto sum(V first) -> V
      |                              ^~~
conftest.cpp:104:25: error: top-level declaration of 'sum' specifies 'auto'
  104 |   template <typename V> auto sum(V first) -> V
      |                         ^~~~
conftest.cpp:104:46: error: trailing return type only available with '-std=c++11' or '-std=gnu++11'
  104 |   template <typename V> auto sum(V first) -> V
      |                                              ^
conftest.cpp:108:33: warning: variadic templates only available with '-std=c++11' or '-std=gnu++11' [-Wc++11-extensions]
  108 |   template <typename V, typename... Args> auto sum(V first, Args... rest) -> V
      |                                 ^~~
conftest.cpp:108:69: warning: variadic templates only available with '-std=c++11' or '-std=gnu++11' [-Wc++11-extensions]
  108 |   template <typename V, typename... Args> auto sum(V first, Args... rest) -> V
      |                                                                     ^~~~
conftest.cpp:108:48: error: ISO C++ forbids declaration of 'sum' with no type [-fpermissive]
  108 |   template <typename V, typename... Args> auto sum(V first, Args... rest) -> V
      |                                                ^~~
conftest.cpp:108:43: error: top-level declaration of 'sum' specifies 'auto'
  108 |   template <typename V, typename... Args> auto sum(V first, Args... rest) -> V
      |                                           ^~~~
conftest.cpp:108:78: error: trailing return type only available with '-std=c++11' or '-std=gnu++11'
  108 |   template <typename V, typename... Args> auto sum(V first, Args... rest) -> V
      |                                                                              ^
conftest.cpp: In function 'int main(int, char**)':
conftest.cpp:132:8: error: 'a1' does not name a type
  132 |   auto a1 = 6538;
      |        ^~
conftest.cpp:133:8: error: 'a2' does not name a type
  133 |   auto a2 = 48573953.4;
      |        ^~
conftest.cpp:134:8: error: 'a3' does not name a type
  134 |   auto a3 = "String literal";
      |        ^~
conftest.cpp:137:13: error: 'i' does not name a type
  137 |   for (auto i = a3; *i; ++i) { total += *i; }
      |             ^
conftest.cpp:137:20: error: expected ';' before '*' token
  137 |   for (auto i = a3; *i; ++i) { total += *i; }
      |                    ^~
      |                    ;
conftest.cpp:137:22: error: 'i' was not declared in this scope
  137 |   for (auto i = a3; *i; ++i) { total += *i; }
      |                      ^
conftest.cpp:139:12: error: 'a2' was not declared in this scope
  139 |   decltype(a2) a4 = 34895.034;
      |            ^~
conftest.cpp:139:3: error: 'decltype' was not declared in this scope
  139 |   decltype(a2) a4 = 34895.034;
      |   ^~~~~~~~
conftest.cpp:143:23: error: 'get_val' is not a member of 'cxx11test'; did you mean 'eval'?
  143 |   short sa[cxx11test::get_val()] = { 0 };
      |                       ^~~~~~~
      |                       eval
conftest.cpp:153:14: error: ISO C++ forbids declaration of 'x' with no type [-fpermissive]
  153 |   for (auto &x : array) { x += 23; }
      |              ^
conftest.cpp:153:18: warning: range-based 'for' loops only available with '-std=c++11' or '-std=gnu++11' [-Wc++11-extensions]
  153 |   for (auto &x : array) { x += 23; }
      |                  ^~~~~
conftest.cpp:158:41: warning: lambda expressions only available with '-std=c++11' or '-std=gnu++11' [-Wc++11-extensions]
  158 |   assert (eval ([](int x) { return x*2; }, 21) == 42);
      |                                         ^
conftest.cpp:158:16: error: no matching function for call to 'eval(main(int, char**)::<lambda(int)>, int)'
  158 |   assert (eval ([](int x) { return x*2; }, 21) == 42);
      |           ~~~~~^~~~~~~~~~~~~~~~~~~~~~~~~~~~~~~
conftest.cpp:98:44: note: candidate: 'template<class Ret, class Fn> Ret cxx11test::eval(Fn, Ret)'
   98 |   template <typename Ret, typename Fn> Ret eval(Fn f, Ret v)
      |                                            ^~~~
conftest.cpp:98:44: note:   template argument deduction/substitution failed:
conftest.cpp: In substitution of 'template<class Ret, class Fn> Ret cxx11test::eval(Fn, Ret) [with Ret = int; Fn = main(int, char**)::<lambda(int)>]':
conftest.cpp:158:16:   required from here
conftest.cpp:158:16: error: template argument for 'template<class Ret, class Fn> Ret cxx11test::eval(Fn, Ret)' uses local type 'main(int, char**)::<lambda(int)>'
  158 |   assert (eval ([](int x) { return x*2; }, 21) == 42);
      |           ~~~~~^~~~~~~~~~~~~~~~~~~~~~~~~~~~~~~
conftest.cpp:158:16: error:   trying to instantiate 'template<class Ret, class Fn> Ret cxx11test::eval(Fn, Ret)'
conftest.cpp:160:48: warning: lambda expressions only available with '-std=c++11' or '-std=gnu++11' [-Wc++11-extensions]
  160 |   assert (eval ([&](double x) { return d += x; }, 3.0) == 5.0);
      |                                                ^
conftest.cpp:160:16: error: no matching function for call to 'eval(main(int, char**)::<lambda(double)>, double)'
  160 |   assert (eval ([&](double x) { return d += x; }, 3.0) == 5.0);
      |           ~~~~~^~~~~~~~~~~~~~~~~~~~~~~~~~~~~~~~~~~~~~~
conftest.cpp:98:44: note: candidate: 'template<class Ret, class Fn> Ret cxx11test::eval(Fn, Ret)'
   98 |   template <typename Ret, typename Fn> Ret eval(Fn f, Ret v)
      |                                            ^~~~
conftest.cpp:98:44: note:   template argument deduction/substitution failed:
conftest.cpp: In substitution of 'template<class Ret, class Fn> Ret cxx11test::eval(Fn, Ret) [with Ret = double; Fn = main(int, char**)::<lambda(double)>]':
conftest.cpp:160:16:   required from here
conftest.cpp:160:16: error: template argument for 'template<class Ret, class Fn> Ret cxx11test::eval(Fn, Ret)' uses local type 'main(int, char**)::<lambda(double)>'
  160 |   assert (eval ([&](double x) { return d += x; }, 3.0) == 5.0);
      |           ~~~~~^~~~~~~~~~~~~~~~~~~~~~~~~~~~~~~~~~~~~~~
conftest.cpp:160:16: error:   trying to instantiate 'template<class Ret, class Fn> Ret cxx11test::eval(Fn, Ret)'
conftest.cpp:162:56: warning: lambda expressions only available with '-std=c++11' or '-std=gnu++11' [-Wc++11-extensions]
  162 |   assert (eval ([=](double x) mutable { return d += x; }, 4.0) == 9.0);
      |                                                        ^
conftest.cpp:162:16: error: no matching function for call to 'eval(main(int, char**)::<lambda(double)>, double)'
  162 |   assert (eval ([=](double x) mutable { return d += x; }, 4.0) == 9.0);
      |           ~~~~~^~~~~~~~~~~~~~~~~~~~~~~~~~~~~~~~~~~~~~~~~~~~~~~
conftest.cpp:98:44: note: candidate: 'template<class Ret, class Fn> Ret cxx11test::eval(Fn, Ret)'
   98 |   template <typename Ret, typename Fn> Ret eval(Fn f, Ret v)
      |                                            ^~~~
conftest.cpp:98:44: note:   template argument deduction/substitution failed:
conftest.cpp: In substitution of 'template<class Ret, class Fn> Ret cxx11test::eval(Fn, Ret) [with Ret = double; Fn = main(int, char**)::<lambda(double)>]':
conftest.cpp:162:16:   required from here
conftest.cpp:162:16: error: template argument for 'template<class Ret, class Fn> Ret cxx11test::eval(Fn, Ret)' uses local type 'main(int, char**)::<lambda(double)>'
  162 |   assert (eval ([=](double x) mutable { return d += x; }, 4.0) == 9.0);
      |           ~~~~~^~~~~~~~~~~~~~~~~~~~~~~~~~~~~~~~~~~~~~~~~~~~~~~
conftest.cpp:162:16: error:   trying to instantiate 'template<class Ret, class Fn> Ret cxx11test::eval(Fn, Ret)'
conftest.cpp:167:20: error: 'sum' has not been declared in 'cxx11test'
  167 |   using cxx11test::sum;
      |                    ^~~
conftest.cpp:168:8: error: 'a' does not name a type
  168 |   auto a = sum(1);
      |        ^
conftest.cpp:169:8: error: 'b' does not name a type
  169 |   auto b = sum(1, 2);
      |        ^
conftest.cpp:170:8: error: 'c' does not name a type
  170 |   auto c = sum(1.0, 2.0, 3.0);
      |        ^
conftest.cpp:175:25: warning: empty parentheses were disambiguated as a function declaration [-Wvexing-parse]
  175 |   cxx11test::delegate d2();
      |                         ^~
conftest.cpp:175:25: note: remove parentheses to default-initialize a variable
  175 |   cxx11test::delegate d2();
      |                         ^~
      |                         --
conftest.cpp:184:13: error: 'nullptr' was not declared in this scope
  184 |   char *c = nullptr;
      |             ^~~~~~~
conftest.cpp:188:36: error: '>>' should be '> >' within a nested template argument list
  188 |   test_template<::test_template<int>> v(test_template<int>(12));
      |                                    ^~
      |                                    > >
conftest.cpp:188:16: error: '<::' cannot begin a template-argument list [-fpermissive]
  188 |   test_template<::test_template<int>> v(test_template<int>(12));
      |                ^~
conftest.cpp:188:16: note: '<:' is an alternate spelling for '['. Insert whitespace between '<' and '::'
conftest.cpp:188:16: note: (if you use '-fpermissive' or '-std=c++11', or '-std=gnu++11' G++ will accept your code)
conftest.cpp:192:22: error: 'u8' was not declared in this scope; did you mean 'utf8'?
  192 |   char const *utf8 = u8"UTF-8 string \u2500";
      |                      ^~
      |                      utf8
conftest.cpp:193:3: error: 'char16_t' was not declared in this scope
  193 |   char16_t const *utf16 = u"UTF-8 string \u2500";
      |   ^~~~~~~~
conftest.cpp:194:3: error: 'char32_t' was not declared in this scope
  194 |   char32_t const *utf32 = U"UTF-32 string \u2500";
      |   ^~~~~~~~
configure:3438: $? = 1
configure: failed program was:
| /* confdefs.h */
| #define PACKAGE_NAME "mklibs"
| #define PACKAGE_TARNAME "mklibs"
| #define PACKAGE_VERSION "0.1.45"
| #define PACKAGE_STRING "mklibs 0.1.45"
| #define PACKAGE_BUGREPORT ""
| #define PACKAGE_URL ""
| /* end confdefs.h.  */
| 
| // Does the compiler advertise C++98 conformance?
| #if !defined __cplusplus || __cplusplus < 199711L
| # error "Compiler does not advertise C++98 conformance"
| #endif
| 
| // These inclusions are to reject old compilers that
| // lack the unsuffixed header files.
| #include <cstdlib>
| #include <exception>
| 
| // <cassert> and <cstring> are *not* freestanding headers in C++98.
| extern void assert (int);
| namespace std {
|   extern int strcmp (const char *, const char *);
| }
| 
| // Namespaces, exceptions, and templates were all added after "C++ 2.0".
| using std::exception;
| using std::strcmp;
| 
| namespace {
| 
| void test_exception_syntax()
| {
|   try {
|     throw "test";
|   } catch (const char *s) {
|     // Extra parentheses suppress a warning when building autoconf itself,
|     // due to lint rules shared with more typical C programs.
|     assert (!(strcmp) (s, "test"));
|   }
| }
| 
| template <typename T> struct test_template
| {
|   T const val;
|   explicit test_template(T t) : val(t) {}
|   template <typename U> T add(U u) { return static_cast<T>(u) + val; }
| };
| 
| } // anonymous namespace
| 
| 
| // Does the compiler advertise C++ 2011 conformance?
| #if !defined __cplusplus || __cplusplus < 201103L
| # error "Compiler does not advertise C++11 conformance"
| #endif
| 
| namespace cxx11test
| {
|   constexpr int get_val() { return 20; }
| 
|   struct testinit
|   {
|     int i;
|     double d;
|   };
| 
|   class delegate
|   {
|   public:
|     delegate(int n) : n(n) {}
|     delegate(): delegate(2354) {}
| 
|     virtual int getval() { return this->n; };
|   protected:
|     int n;
|   };
| 
|   class overridden : public delegate
|   {
|   public:
|     overridden(int n): delegate(n) {}
|     virtual int getval() override final { return this->n * 2; }
|   };
| 
|   class nocopy
|   {
|   public:
|     nocopy(int i): i(i) {}
|     nocopy() = default;
|     nocopy(const nocopy&) = delete;
|     nocopy & operator=(const nocopy&) = delete;
|   private:
|     int i;
|   };
| 
|   // for testing lambda expressions
|   template <typename Ret, typename Fn> Ret eval(Fn f, Ret v)
|   {
|     return f(v);
|   }
| 
|   // for testing variadic templates and trailing return types
|   template <typename V> auto sum(V first) -> V
|   {
|     return first;
|   }
|   template <typename V, typename... Args> auto sum(V first, Args... rest) -> V
|   {
|     return first + sum(rest...);
|   }
| }
| 
| 
| int
| main (int argc, char **argv)
| {
|   int ok = 0;
|   
|   assert (argc);
|   assert (! argv[0]);
| {
|   test_exception_syntax ();
|   test_template<double> tt (2.0);
|   assert (tt.add (4) == 6.0);
|   assert (true && !false);
| }
| 
|   
| {
|   // Test auto and decltype
|   auto a1 = 6538;
|   auto a2 = 48573953.4;
|   auto a3 = "String literal";
| 
|   int total = 0;
|   for (auto i = a3; *i; ++i) { total += *i; }
| 
|   decltype(a2) a4 = 34895.034;
| }
| {
|   // Test constexpr
|   short sa[cxx11test::get_val()] = { 0 };
| }
| {
|   // Test initializer lists
|   cxx11test::testinit il = { 4323, 435234.23544 };
| }
| {
|   // Test range-based for
|   int array[] = {9, 7, 13, 15, 4, 18, 12, 10, 5, 3,
|                  14, 19, 17, 8, 6, 20, 16, 2, 11, 1};
|   for (auto &x : array) { x += 23; }
| }
| {
|   // Test lambda expressions
|   using cxx11test::eval;
|   assert (eval ([](int x) { return x*2; }, 21) == 42);
|   double d = 2.0;
|   assert (eval ([&](double x) { return d += x; }, 3.0) == 5.0);
|   assert (d == 5.0);
|   assert (eval ([=](double x) mutable { return d += x; }, 4.0) == 9.0);
|   assert (d == 5.0);
| }
| {
|   // Test use of variadic templates
|   using cxx11test::sum;
|   auto a = sum(1);
|   auto b = sum(1, 2);
|   auto c = sum(1.0, 2.0, 3.0);
| }
| {
|   // Test constructor delegation
|   cxx11test::delegate d1;
|   cxx11test::delegate d2();
|   cxx11test::delegate d3(45);
| }
| {
|   // Test override and final
|   cxx11test::overridden o1(55464);
| }
| {
|   // Test nullptr
|   char *c = nullptr;
| }
| {
|   // Test template brackets
|   test_template<::test_template<int>> v(test_template<int>(12));
| }
| {
|   // Unicode literals
|   char const *utf8 = u8"UTF-8 string \u2500";
|   char16_t const *utf16 = u"UTF-8 string \u2500";
|   char32_t const *utf32 = U"UTF-32 string \u2500";
| }
| 
|   return ok;
| }
| 
configure:3456: result: none needed
configure:3523: checking whether make supports the include directive
configure:3538: make -f confmf.GNU && cat confinc.out
make[4]: Entering directory '/home/notlean/openwrt-uboost/build_dir/host/mklibs-0.1.45'
make[4]: Leaving directory '/home/notlean/openwrt-uboost/build_dir/host/mklibs-0.1.45'
this is the am__doit target
configure:3541: $? = 0
configure:3560: result: yes (GNU style)
configure:3586: checking dependency style of g++
configure:3698: result: none
configure:3818: checking that generated files are newer than configure
configure:3824: result: done
configure:3851: creating ./config.status

## ---------------------- ##
## Running config.status. ##
## ---------------------- ##

This file was extended by mklibs config.status 0.1.45, which was
generated by GNU Autoconf 2.71.  Invocation command line was

  CONFIG_FILES    = 
  CONFIG_HEADERS  = 
  CONFIG_LINKS    = 
  CONFIG_COMMANDS = 
  $ ./config.status 

on Notlean

config.status:850: creating Makefile
config.status:850: creating lib/Makefile
config.status:850: creating lib/mklibs/Makefile
config.status:850: creating lib/mklibs/utils/Makefile
config.status:850: creating src/Makefile
config.status:850: creating src/mklibs-readelf/Makefile
config.status:850: creating config.h
config.status:1079: executing depfiles commands

## ---------------- ##
## Cache variables. ##
## ---------------- ##

ac_cv_build=x86_64-pc-linux-gnu
ac_cv_cxx_compiler_gnu=yes
ac_cv_env_CCC_set=
ac_cv_env_CCC_value=
ac_cv_env_CPPFLAGS_set=set
ac_cv_env_CPPFLAGS_value='-I/home/notlean/openwrt-uboost/staging_dir/host/include  -std=gnu++98'
ac_cv_env_CXXFLAGS_set=set
ac_cv_env_CXXFLAGS_value=
ac_cv_env_CXX_set=set
ac_cv_env_CXX_value=g++
ac_cv_env_LDFLAGS_set=set
ac_cv_env_LDFLAGS_value='-L/home/notlean/openwrt-uboost/staging_dir/host/lib '
ac_cv_env_LIBS_set=
ac_cv_env_LIBS_value=
ac_cv_env_build_alias_set=set
ac_cv_env_build_alias_value=x86_64-pc-linux-gnu
ac_cv_env_host_alias_set=set
ac_cv_env_host_alias_value=x86_64-pc-linux-gnu
ac_cv_env_target_alias_set=set
ac_cv_env_target_alias_value=x86_64-pc-linux-gnu
ac_cv_host=x86_64-pc-linux-gnu
ac_cv_objext=o
ac_cv_path_install='/home/notlean/openwrt-uboost/staging_dir/host/bin/install -c'
ac_cv_path_mkdir=/usr/bin/mkdir
ac_cv_prog_AWK=gawk
ac_cv_prog_cxx_11=no
ac_cv_prog_cxx_g=yes
ac_cv_prog_cxx_stdcxx=
ac_cv_prog_make_make_set=yes
am_cv_CXX_dependencies_compiler_type=none
am_cv_make_support_nested_variables=yes

## ----------------- ##
## Output variables. ##
## ----------------- ##

ACLOCAL='${SHELL} '\''/home/notlean/openwrt-uboost/build_dir/host/mklibs-0.1.45/missing'\'' aclocal-1.16'
AMDEPBACKSLASH=''
AMDEP_FALSE=''
AMDEP_TRUE='#'
AMTAR='$${TAR-tar}'
AM_BACKSLASH='\'
AM_DEFAULT_V='$(AM_DEFAULT_VERBOSITY)'
AM_DEFAULT_VERBOSITY='1'
AM_V='$(shell if ( test "x$(V)" = "x0" ); then echo 0; elif ( test "x$(V)" = "x" ); then echo $(AM_DEFAULT_VERBOSITY); else echo 1; fi)'
AUTOCONF='${SHELL} '\''/home/notlean/openwrt-uboost/build_dir/host/mklibs-0.1.45/missing'\'' autoconf'
AUTOHEADER='${SHELL} '\''/home/notlean/openwrt-uboost/build_dir/host/mklibs-0.1.45/missing'\'' autoheader'
AUTOMAKE='${SHELL} '\''/home/notlean/openwrt-uboost/build_dir/host/mklibs-0.1.45/missing'\'' automake-1.16'
AWK='gawk'
CPPFLAGS='-I/home/notlean/openwrt-uboost/staging_dir/host/include  -std=gnu++98'
CSCOPE='cscope'
CTAGS='ctags'
CXX='g++'
CXXDEPMODE='depmode=none'
CXXFLAGS=''
CYGPATH_W='echo'
DEFS='-DHAVE_CONFIG_H'
DEPDIR='.deps'
ECHO_C=''
ECHO_N='-n'
ECHO_T=''
ETAGS='etags'
EXEEXT=''
INSTALL_DATA='${INSTALL} -m 644'
INSTALL_PROGRAM='${INSTALL}'
INSTALL_SCRIPT='${INSTALL}'
INSTALL_STRIP_PROGRAM='$(install_sh) -c -s'
LDFLAGS='-L/home/notlean/openwrt-uboost/staging_dir/host/lib '
LIBOBJS=''
LIBS=''
LTLIBOBJS=''
MAINT='#'
MAINTAINER_MODE_FALSE=''
MAINTAINER_MODE_TRUE='#'
MAKEINFO='${SHELL} '\''/home/notlean/openwrt-uboost/build_dir/host/mklibs-0.1.45/missing'\'' makeinfo'
MKDIR_P='/usr/bin/mkdir -p'
OBJEXT='o'
PACKAGE='mklibs'
PACKAGE_BUGREPORT=''
PACKAGE_NAME='mklibs'
PACKAGE_STRING='mklibs 0.1.45'
PACKAGE_TARNAME='mklibs'
PACKAGE_URL=''
PACKAGE_VERSION='0.1.45'
PATH_SEPARATOR=':'
SET_MAKE=''
SHELL='/usr/bin/env bash'
STRIP=''
VERSION='0.1.45'
ac_ct_CXX=''
am__EXEEXT_FALSE=''
am__EXEEXT_TRUE='#'
am__fastdepCXX_FALSE=''
am__fastdepCXX_TRUE='#'
am__include='include'
am__isrc=''
am__leading_dot='.'
am__nodep=''
am__quote=''
am__tar='$${TAR-tar} chof - "$$tardir"'
am__untar='$${TAR-tar} xf -'
bindir='${exec_prefix}/bin'
build='x86_64-pc-linux-gnu'
build_alias='x86_64-pc-linux-gnu'
build_cpu='x86_64'
build_os='linux-gnu'
build_vendor='pc'
datadir='${datarootdir}'
datarootdir='${prefix}/share'
docdir='${datarootdir}/doc/${PACKAGE_TARNAME}'
dvidir='${docdir}'
exec_prefix='/home/notlean/openwrt-uboost/staging_dir/host'
host='x86_64-pc-linux-gnu'
host_alias='x86_64-pc-linux-gnu'
host_cpu='x86_64'
host_os='linux-gnu'
host_vendor='pc'
htmldir='${docdir}'
includedir='${prefix}/include'
infodir='${datarootdir}/info'
install_sh='${SHELL} /home/notlean/openwrt-uboost/build_dir/host/mklibs-0.1.45/install-sh'
libdir='${exec_prefix}/lib'
libexecdir='${exec_prefix}/libexec'
localedir='${datarootdir}/locale'
localstatedir='/home/notlean/openwrt-uboost/staging_dir/host/var'
mandir='${datarootdir}/man'
mkdir_p='$(MKDIR_P)'
oldincludedir='/usr/include'
pdfdir='${docdir}'
prefix='/home/notlean/openwrt-uboost/staging_dir/host'
program_transform_name='s&$$&&;s&^&&'
psdir='${docdir}'
runstatedir='${localstatedir}/run'
sbindir='/home/notlean/openwrt-uboost/staging_dir/host/bin'
sharedstatedir='${prefix}/com'
sysconfdir='/home/notlean/openwrt-uboost/staging_dir/host/etc'
target_alias='x86_64-pc-linux-gnu'

## ----------- ##
## confdefs.h. ##
## ----------- ##

/* confdefs.h */
#define PACKAGE_NAME "mklibs"
#define PACKAGE_TARNAME "mklibs"
#define PACKAGE_VERSION "0.1.45"
#define PACKAGE_STRING "mklibs 0.1.45"
#define PACKAGE_BUGREPORT ""
#define PACKAGE_URL ""

configure: exit 0
